<?xml version="1.0" encoding="utf-8"?><testsuites name="pytest tests"><testsuite name="pytest" errors="0" failures="0" skipped="0" tests="421" time="3.386" timestamp="2026-06-13T03:05:26.069167+09:00" hostname="NoahLee"><testcase classname="tests.test_app" name="test_run_once_dry_run_builds_message_without_sending" time="0.021" /><testcase classname="tests.test_app" name="test_run_once_includes_crawl_name_when_center_name_absent" time="0.014" /><testcase classname="tests.test_app" name="test_run_once_labels_message_with_center_name" time="0.011" /><testcase classname="tests.test_app" name="test_run_once_sends_again_when_telegram_target_changes" time="0.023" /><testcase classname="tests.test_app" name="test_run_once_skips_duplicate_when_telegram_thread_id_format_changes" time="0.032" /><testcase classname="tests.test_app" name="test_run_once_allows_parallel_runs_for_different_browser_scopes" time="0.022" /><testcase classname="tests.test_app" name="test_run_once_blocks_parallel_runs_for_same_browser_scope_even_with_different_state_subdirs" time="0.013" /><testcase classname="tests.test_app" name="test_run_once_blocks_parallel_cdp_runs_even_when_profile_paths_differ" time="0.016" /><testcase classname="tests.test_app" name="test_app_default_crawl_uses_configured_platform_name" time="0.003" /><testcase classname="tests.test_app" name="test_message_scope_key_includes_platform_and_peak_dashboard_url" time="0.002" /><testcase classname="tests.test_architecture" name="test_coupang_snapshot_models_are_available" time="0.000" /><testcase classname="tests.test_architecture" name="test_default_platform_registry_resolves_baemin_crawler" time="0.003" /><testcase classname="tests.test_architecture" name="test_baemin_platform_crawls_snapshot_with_injected_crawler" time="0.003" /><testcase classname="tests.test_architecture" name="test_coupang_platform_registry_resolves_coupang_crawler" time="0.001" /><testcase classname="tests.test_architecture" name="test_crawl_snapshot_uses_configured_platform_name" time="0.002" /><testcase classname="tests.test_architecture" name="test_crawl_snapshot_explicit_platform_name_overrides_config" time="0.002" /><testcase classname="tests.test_architecture" name="test_default_messenger_registry_resolves_telegram_sender" time="0.001" /><testcase classname="tests.test_architecture" name="test_kakao_messenger_can_still_be_resolved_explicitly" time="0.001" /><testcase classname="tests.test_architecture" name="test_kakao_messenger_sends_text_with_injected_sender" time="0.003" /><testcase classname="tests.test_architecture" name="test_app_default_crawl_and_send_use_extension_registries" time="0.003" /><testcase classname="tests.test_baemin_parser" name="test_parse_baemin_delivery_history_html_maps_rows_by_header_text" time="0.002" /><testcase classname="tests.test_baemin_parser" name="test_parse_baemin_delivery_history_html_keeps_mapping_when_columns_move" time="0.001" /><testcase classname="tests.test_baemin_parser" name="test_parse_baemin_delivery_history_html_accepts_live_thead_summary_row" time="0.001" /><testcase classname="tests.test_baemin_parser" name="test_baemin_delivery_history_to_snapshot_uses_summary_row_for_existing_message_shape" time="0.002" /><testcase classname="tests.test_baemin_parser" name="test_parse_current_screen_html_accepts_baemin_delivery_history_page" time="0.002" /><testcase classname="tests.test_baemin_parser" name="test_baemin_delivery_history_waiting_count_uses_waiting_status_not_offline_rows" time="0.001" /><testcase classname="tests.test_baemin_parser" name="test_baemin_delivery_history_rejects_invalid_required_numeric_value" time="0.001" /><testcase classname="tests.test_baseline_artifacts" name="test_committed_artifact_exists[ui_settings.sample.json]" time="0.001" /><testcase classname="tests.test_baseline_artifacts" name="test_committed_artifact_exists[config.sample.json]" time="0.001" /><testcase classname="tests.test_baseline_artifacts" name="test_committed_artifact_exists[.env.sample]" time="0.001" /><testcase classname="tests.test_baseline_artifacts" name="test_committed_artifact_exists[.env.example]" time="0.001" /><testcase classname="tests.test_baseline_artifacts" name="test_committed_artifact_exists[baseline-record-20260613.md]" time="0.001" /><testcase classname="tests.test_baseline_artifacts" name="test_no_real_telegram_bot_token_in_artifacts[ui_settings.sample.json]" time="0.001" /><testcase classname="tests.test_baseline_artifacts" name="test_no_real_telegram_bot_token_in_artifacts[config.sample.json]" time="0.001" /><testcase classname="tests.test_baseline_artifacts" name="test_no_real_telegram_bot_token_in_artifacts[.env.sample]" time="0.001" /><testcase classname="tests.test_baseline_artifacts" name="test_no_real_telegram_bot_token_in_artifacts[.env.example]" time="0.001" /><testcase classname="tests.test_baseline_artifacts" name="test_no_real_telegram_bot_token_in_artifacts[baseline-record-20260613.md]" time="0.001" /><testcase classname="tests.test_baseline_artifacts" name="test_ui_settings_sample_is_valid_json" time="0.001" /><testcase classname="tests.test_baseline_artifacts" name="test_ui_settings_sample_uses_two_space_indent" time="0.001" /><testcase classname="tests.test_baseline_artifacts" name="test_ui_settings_sample_telegram_fields_are_placeholders" time="0.001" /><testcase classname="tests.test_baseline_artifacts" name="test_ui_settings_sample_operating_identifiers_are_placeholders" time="0.001" /><testcase classname="tests.test_baseline_artifacts" name="test_ui_settings_sample_keeps_single_representative_tab" time="0.001" /><testcase classname="tests.test_baseline_artifacts" name="test_config_sample_phone_numbers_are_zero_placeholders" time="0.001" /><testcase classname="tests.test_baseline_artifacts" name="test_env_telegram_secrets_are_empty[.env.sample]" time="0.001" /><testcase classname="tests.test_baseline_artifacts" name="test_env_telegram_secrets_are_empty[.env.example]" time="0.001" /><testcase classname="tests.test_baseline_artifacts" name="test_env_operating_identifiers_are_placeholders[.env.sample]" time="0.001" /><testcase classname="tests.test_baseline_artifacts" name="test_env_operating_identifiers_are_placeholders[.env.example]" time="0.001" /><testcase classname="tests.test_baseline_artifacts" name="test_baseline_record_contains_required_metadata" time="0.001" /><testcase classname="tests.test_baseline_artifacts" name="test_gitignore_excludes_backups_dir" time="0.001" /><testcase classname="tests.test_baseline_artifacts" name="test_backup_zip_is_git_ignored_if_present" time="0.071" /><testcase classname="tests.test_baseline_artifacts" name="test_baseline_tag_is_annotated_and_matches_record" time="0.195" /><testcase classname="tests.test_browser_launcher" name="test_build_mac_chrome_command_uses_cdp_port_and_dedicated_profile" time="0.004" /><testcase classname="tests.test_browser_launcher" name="test_build_mac_chrome_command_resolves_relative_default_profile_path" time="0.001" /><testcase classname="tests.test_browser_launcher" name="test_build_windows_chrome_command_uses_cdp_port_profile_and_baemin_url" time="0.004" /><testcase classname="tests.test_browser_launcher" name="test_prepare_mac_chrome_runs_open_command_and_creates_profile_dir" time="0.007" /><testcase classname="tests.test_browser_launcher" name="test_prepare_chrome_runs_windows_command_and_creates_profile_dir" time="0.136" /><testcase classname="tests.test_browser_launcher" name="test_prepare_chrome_rejects_existing_cdp_endpoint_before_launch" time="0.003" /><testcase classname="tests.test_browser_launcher" name="test_prepare_chrome_refuses_when_profile_already_running_without_cdp" time="0.004" /><testcase classname="tests.test_browser_launcher" name="test_prepare_chrome_launches_when_profile_not_already_running" time="0.050" /><testcase classname="tests.test_browser_launcher" name="test_prepare_chrome_rejects_when_cdp_endpoint_does_not_become_ready" time="0.036" /><testcase classname="tests.test_browser_launcher" name="test_prepare_mac_chrome_rejects_non_mac_platform" time="0.004" /><testcase classname="tests.test_browser_launcher" name="test_prepare_chrome_rejects_remote_cdp_address" time="0.005" /><testcase classname="tests.test_browser_launcher" name="test_prepare_chrome_rejects_ipv6_localhost_because_launcher_binds_ipv4" time="0.004" /><testcase classname="tests.test_browser_launcher" name="test_prepare_mac_chrome_wraps_command_failure" time="0.005" /><testcase classname="tests.test_browser_launcher" name="test_prepare_chrome_message_names_coupang_platform" time="0.038" /><testcase classname="tests.test_config" name="test_app_config_reads_environment_values" time="0.005" /><testcase classname="tests.test_config" name="test_app_config_defaults_to_safe_dry_run" time="0.003" /><testcase classname="tests.test_config" name="test_app_config_reads_coupang_credentials_path" time="0.003" /><testcase classname="tests.test_config" name="test_app_config_reads_coupang_environment_values" time="0.003" /><testcase classname="tests.test_config" name="test_app_config_coupang_requires_center_name" time="0.003" /><testcase classname="tests.test_config" name="test_app_config_coupang_rejects_default_baemin_center_name" time="0.002" /><testcase classname="tests.test_config" name="test_runtime_dir_defaults_to_cwd_runtime_for_default_log_dir" time="0.000" /><testcase classname="tests.test_config" name="test_runtime_dir_sits_next_to_named_logs_dir" time="0.000" /><testcase classname="tests.test_config" name="test_custom_log_dirs_get_isolated_runtime_dirs" time="0.001" /><testcase classname="tests.test_config" name="test_app_config_defaults_to_baemin_platform" time="0.002" /><testcase classname="tests.test_config" name="test_app_config_baemin_ignores_peak_dashboard_url_env" time="0.003" /><testcase classname="tests.test_config" name="test_app_config_coupang_platform_uses_coupang_defaults" time="0.003" /><testcase classname="tests.test_coupang_crawler" name="test_coupang_crawl_current_screen_parses_html_from_injected_fetcher" time="0.010" /><testcase classname="tests.test_coupang_crawler" name="test_coupang_crawl_current_screen_rejects_unexpected_center" time="0.007" /><testcase classname="tests.test_coupang_crawler" name="test_coupang_crawl_current_screen_accepts_expected_center" time="0.007" /><testcase classname="tests.test_coupang_crawler" name="test_coupang_crawl_current_screen_rejects_substring_center_match" time="0.005" /><testcase classname="tests.test_coupang_crawler" name="test_coupang_crawl_current_screen_rejects_superstring_center_match" time="0.007" /><testcase classname="tests.test_coupang_crawler" name="test_coupang_crawl_current_screen_accepts_explicit_alias" time="0.007" /><testcase classname="tests.test_coupang_crawler" name="test_coupang_crawl_performance_snapshot_rejects_unexpected_center" time="0.006" /><testcase classname="tests.test_coupang_crawler" name="test_coupang_crawl_performance_snapshot_omits_current_screen" time="0.009" /><testcase classname="tests.test_coupang_crawler" name="test_coupang_crawl_performance_snapshot_accepts_peak_html_without_center_heading" time="0.005" /><testcase classname="tests.test_coupang_crawler" name="test_coupang_crawl_performance_snapshot_accepts_peak_section_headings_without_center" time="0.004" /><testcase classname="tests.test_coupang_crawler" name="test_coupang_crawl_performance_snapshot_rejects_peak_when_only_side_text_matches" time="0.003" /><testcase classname="tests.test_coupang_crawler" name="test_coupang_crawl_performance_snapshot_accepts_matching_peak_center" time="0.008" /><testcase classname="tests.test_coupang_crawler" name="test_coupang_crawl_performance_snapshot_accepts_peak_heading_with_shift_suffix" time="0.007" /><testcase classname="tests.test_coupang_crawler" name="test_coupang_crawl_performance_snapshot_accepts_peak_heading_with_spaced_shift_suffix" time="0.006" /><testcase classname="tests.test_coupang_crawler" name="test_coupang_center_from_heading_strips_shift_keeping_full_center[\uc81c\uc774\uc564\uc5d0\uc774\uce58\ud50c\ub7ec\uc2a4 \uc758\uc815\ubd80\ub0a8\ubd80-\uc81c\uc774\uc564\uc5d0\uc774\uce58\ud50c\ub7ec\uc2a4 \uc758\uc815\ubd80\ub0a8\ubd80]" time="0.001" /><testcase classname="tests.test_coupang_crawler" name="test_coupang_center_from_heading_strips_shift_keeping_full_center[\uc81c\uc774\uc564\uc5d0\uc774\uce58\ud50c\ub7ec\uc2a4 \uc758\uc815\ubd80\ub0a8\ubd80 \uc800\ub141\ud53c\ud06c(16:55~20:00)-\uc81c\uc774\uc564\uc5d0\uc774\uce58\ud50c\ub7ec\uc2a4 \uc758\uc815\ubd80\ub0a8\ubd80]" time="0.001" /><testcase classname="tests.test_coupang_crawler" name="test_coupang_center_from_heading_strips_shift_keeping_full_center[\uc81c\uc774\uc564\uc5d0\uc774\uce58\ud50c\ub7ec\uc2a4 \uc758\uc815\ubd80\ub0a8\ubd80 \uc800\ub141 \ud53c\ud06c(16:55~20:00)-\uc81c\uc774\uc564\uc5d0\uc774\uce58\ud50c\ub7ec\uc2a4 \uc758\uc815\ubd80\ub0a8\ubd80]" time="0.001" /><testcase classname="tests.test_coupang_crawler" name="test_coupang_center_from_heading_strips_shift_keeping_full_center[\uc81c\uc774\uc564\uc5d0\uc774\uce58\ud50c\ub7ec\uc2a4 \uc758\uc815\ubd80\ub0a8\ubd80 \uc800\ub141 \ud53c\ud06c(16:55~20:00) \ud560\ub2f9\ub7c9 \uc18c\uc9c4 \uc911-\uc81c\uc774\uc564\uc5d0\uc774\uce58\ud50c\ub7ec\uc2a4 \uc758\uc815\ubd80\ub0a8\ubd80]" time="0.001" /><testcase classname="tests.test_coupang_crawler" name="test_coupang_center_from_heading_strips_shift_keeping_full_center[\uc5d0\uc774\ube44\uc528\ub85c\uc9c0\uc2a4 \uac15\ub0a8\uc13c\ud130 \uc810\uc2ec \ub17c\ud53c\ud06c(12:00~14:00)-\uc5d0\uc774\ube44\uc528\ub85c\uc9c0\uc2a4 \uac15\ub0a8\uc13c\ud130]" time="0.001" /><testcase classname="tests.test_coupang_crawler" name="test_coupang_center_from_heading_strips_shift_keeping_full_center[\uc5d0\uc774\ube44\uc528\ub85c\uc9c0\uc2a4 \uac15\ub0a8\uc13c\ud130 \uc624\uc804\ud53c\ud06c(09:00~12:30)-\uc5d0\uc774\ube44\uc528\ub85c\uc9c0\uc2a4 \uac15\ub0a8\uc13c\ud130]" time="0.001" /><testcase classname="tests.test_coupang_crawler" name="test_coupang_center_tab_label_matches[\uc591\uc8fc\uc911\uc559-\uc591\uc8fc\uc911\uc559-True]" time="0.001" /><testcase classname="tests.test_coupang_crawler" name="test_coupang_center_tab_label_matches[\uc591\uc8fc\uc911\uc559-\uc81c\uc774\uc564\uc5d0\uc774\uce58\ud50c\ub7ec\uc2a4 \uc591\uc8fc\uc911\uc559-True]" time="0.001" /><testcase classname="tests.test_coupang_crawler" name="test_coupang_center_tab_label_matches[\uc591\uc8fc \uc911\uc559-\uc591\uc8fc\uc911\uc559-True]" time="0.001" /><testcase classname="tests.test_coupang_crawler" name="test_coupang_center_tab_label_matches[\uc758\uc815\ubd80\ub0a8\ubd80-\uc591\uc8fc\uc911\uc559-False]" time="0.001" /><testcase classname="tests.test_coupang_crawler" name="test_coupang_center_tab_label_matches[\uc758\uc815\ubd80\uc911\uc559-\uc591\uc8fc\uc911\uc559-False]" time="0.001" /><testcase classname="tests.test_coupang_crawler" name="test_select_coupang_center_clicks_matching_inactive_tab" time="0.003" /><testcase classname="tests.test_coupang_crawler" name="test_select_coupang_center_clicks_when_no_tab_active" time="0.003" /><testcase classname="tests.test_coupang_crawler" name="test_select_coupang_center_matches_label_when_config_has_company_prefix" time="0.003" /><testcase classname="tests.test_coupang_crawler" name="test_select_coupang_center_skips_already_active_tab" time="0.003" /><testcase classname="tests.test_coupang_crawler" name="test_select_coupang_center_noops_when_no_matching_tab" time="0.003" /><testcase classname="tests.test_coupang_crawler" name="test_select_coupang_center_noops_when_center_name_empty" time="0.004" /><testcase classname="tests.test_coupang_crawler" name="test_select_coupang_center_tolerates_pages_without_tabs" time="0.004" /><testcase classname="tests.test_coupang_crawler" name="test_coupang_crawl_performance_snapshot_parses_peak_dashboard" time="0.005" /><testcase classname="tests.test_coupang_crawler" name="test_coupang_crawl_performance_snapshot_fetches_only_the_primary_peak_url" time="0.007" /><testcase classname="tests.test_coupang_crawler" name="test_coupang_fetch_page_html_uses_cdp_mode_by_default" time="0.004" /><testcase classname="tests.test_coupang_crawler" name="test_coupang_fetch_page_html_keeps_persistent_context_as_fallback" time="0.003" /><testcase classname="tests.test_coupang_crawler" name="test_coupang_select_page_by_url_allows_query_and_hash" time="0.001" /><testcase classname="tests.test_coupang_crawler" name="test_coupang_select_page_by_url_prefers_exact_match_over_path_match" time="0.001" /><testcase classname="tests.test_coupang_crawler" name="test_coupang_select_page_by_url_rejects_duplicate_exact_matches" time="0.001" /><testcase classname="tests.test_coupang_crawler" name="test_coupang_select_page_by_url_rejects_scheme_mismatch_in_path_fallback" time="0.001" /><testcase classname="tests.test_coupang_crawler" name="test_coupang_select_page_by_url_rejects_duplicate_path_matches" time="0.001" /><testcase classname="tests.test_coupang_crawler" name="test_coupang_fetch_target_page_content_does_not_close_cdp_browser" time="0.004" /><testcase classname="tests.test_coupang_crawler" name="test_coupang_fetch_target_page_content_does_not_open_new_tab_when_target_missing" time="0.005" /><testcase classname="tests.test_coupang_crawler" name="test_coupang_fetch_target_page_content_does_not_open_new_tab_when_target_duplicated" time="0.005" /><testcase classname="tests.test_coupang_crawler" name="test_coupang_fetch_target_page_content_reports_login_required_without_fast_retry" time="0.004" /><testcase classname="tests.test_coupang_crawler" name="test_coupang_fetch_target_page_content_reports_vendor_portal_login_structure" time="0.004" /><testcase classname="tests.test_coupang_crawler" name="test_coupang_login_detection_does_not_match_plain_login_word_only" time="0.001" /><testcase classname="tests.test_coupang_crawler" name="test_coupang_fetch_target_page_content_reports_login_url_without_fast_retry" time="0.005" /><testcase classname="tests.test_coupang_crawler" name="test_coupang_fetch_target_page_content_reports_xauth_login_url_without_fast_retry" time="0.003" /><testcase classname="tests.test_coupang_crawler" name="test_coupang_fetch_target_page_content_wraps_locator_timeout_with_actionable_message" time="0.004" /><testcase classname="tests.test_coupang_crawler" name="test_coupang_fetch_target_page_content_reports_peak_dashboard_readiness_timeout" time="0.005" /><testcase classname="tests.test_coupang_crawler" name="test_coupang_fetch_target_page_content_waits_for_peak_dashboard_required_text" time="0.004" /><testcase classname="tests.test_coupang_crawler" name="test_coupang_login_required_stops_tab_when_auto_2fa_disabled" time="0.004" /><testcase classname="tests.test_coupang_crawler" name="test_coupang_login_required_recovers_when_auto_2fa_enabled_and_recovery_succeeds" time="0.004" /><testcase classname="tests.test_coupang_crawler" name="test_coupang_login_required_stops_when_recovery_fails" time="0.005" /><testcase classname="tests.test_coupang_crawler" name="test_coupang_recovery_swallows_recover_exception_and_stops_tab" time="0.004" /><testcase classname="tests.test_coupang_crawler" name="test_coupang_recovers_when_target_tab_url_drifted_to_login" time="0.004" /><testcase classname="tests.test_coupang_crawler" name="test_coupang_login_drift_reopens_target_when_session_already_restored" time="0.005" /><testcase classname="tests.test_coupang_crawler" name="test_coupang_login_drift_stops_when_auto_2fa_disabled" time="0.005" /><testcase classname="tests.test_coupang_email_2fa" name="test_recover_clicks_email_method_send_and_fills_code" time="0.004" /><testcase classname="tests.test_coupang_email_2fa" name="test_recover_returns_false_on_captcha" time="0.004" /><testcase classname="tests.test_coupang_email_2fa" name="test_recover_returns_false_on_password_login_screen" time="0.005" /><testcase classname="tests.test_coupang_email_2fa" name="test_recover_ignores_hidden_password_field_on_email_2fa_screen" time="0.005" /><testcase classname="tests.test_coupang_email_2fa" name="test_recover_prefers_tab_and_button_roles_over_broad_text_matches" time="0.006" /><testcase classname="tests.test_coupang_email_2fa" name="test_recover_logs_in_with_saved_credentials_before_email_2fa" time="0.007" /><testcase classname="tests.test_coupang_email_2fa" name="test_recover_detects_primary_login_by_password_input_when_body_label_is_short" time="0.007" /><testcase classname="tests.test_coupang_email_2fa" name="test_recover_returns_false_when_send_button_missing" time="0.006" /><testcase classname="tests.test_coupang_email_2fa" name="test_recover_raises_when_gmail_fetch_fails" time="0.005" /><testcase classname="tests.test_coupang_email_2fa" name="test_recover_raises_when_code_input_missing" time="0.005" /><testcase classname="tests.test_coupang_email_2fa" name="test_recover_does_not_leak_code_in_errors" time="0.004" /><testcase classname="tests.test_coupang_message" name="test_render_coupang_performance_message_matches_original_format" time="0.001" /><testcase classname="tests.test_coupang_message" name="test_render_coupang_performance_message_omits_active_riders_when_current_screen_missing" time="0.001" /><testcase classname="tests.test_coupang_message" name="test_render_coupang_performance_message_uses_weekend_times_on_weekend" time="0.001" /><testcase classname="tests.test_coupang_message" name="test_render_coupang_performance_message_keeps_current_tab_label_when_present" time="0.001" /><testcase classname="tests.test_coupang_parser" name="test_parse_coupang_current_screen_html_extracts_summary_fields" time="0.003" /><testcase classname="tests.test_coupang_parser" name="test_parse_coupang_current_screen_reads_center_and_shift_from_heading_not_hardcoded" time="0.001" /><testcase classname="tests.test_coupang_parser" name="test_parse_coupang_count_normalizes_korean_count_text[10\uac74-10]" time="0.001" /><testcase classname="tests.test_coupang_parser" name="test_parse_coupang_count_normalizes_korean_count_text[102.4\uac74-102.4]" time="0.001" /><testcase classname="tests.test_coupang_parser" name="test_parse_coupang_count_normalizes_korean_count_text[\uac70\uc808\uc728: 6.2%-6.2]" time="0.001" /><testcase classname="tests.test_coupang_parser" name="test_parse_coupang_count_normalizes_korean_count_text[1,203 \uac74-1203]" time="0.001" /><testcase classname="tests.test_coupang_parser" name="test_parse_coupang_count_normalizes_korean_count_text[--0]" time="0.001" /><testcase classname="tests.test_coupang_parser" name="test_parse_coupang_pair_extracts_done_and_total_counts" time="0.001" /><testcase classname="tests.test_coupang_parser" name="test_parse_coupang_current_screen_html_raises_when_required_data_is_missing" time="0.001" /><testcase classname="tests.test_coupang_parser" name="test_parse_coupang_peak_dashboard_text_extracts_format_metrics" time="0.001" /><testcase classname="tests.test_crawler" name="test_crawl_current_screen_parses_html_from_injected_fetcher" time="0.007" /><testcase classname="tests.test_crawler" name="test_crawl_current_screen_parses_achievement_report_text_from_injected_fetcher" time="0.004" /><testcase classname="tests.test_crawler" name="test_fetch_page_html_uses_cdp_mode_by_default" time="0.003" /><testcase classname="tests.test_crawler" name="test_fetch_page_html_via_cdp_uses_crawl4ai_cdp_fetcher" time="0.004" /><testcase classname="tests.test_crawler" name="test_fetch_page_html_keeps_persistent_context_as_fallback" time="0.004" /><testcase classname="tests.test_crawler" name="test_fetch_page_html_rejects_mismatched_selected_baemin_center" time="0.005" /><testcase classname="tests.test_crawler" name="test_fetch_page_html_rejects_missing_baemin_center_evidence_in_cdp_mode" time="0.005" /><testcase classname="tests.test_crawler" name="test_crawl_current_screen_rejects_mismatched_selected_baemin_center_id" time="0.004" /><testcase classname="tests.test_crawler" name="test_crawl_current_screen_rejects_mismatched_selected_baemin_center_name" time="0.007" /><testcase classname="tests.test_crawler" name="test_crawl_current_screen_rejects_missing_baemin_center_evidence_when_center_expected" time="0.004" /><testcase classname="tests.test_crawler" name="test_crawl_current_screen_rejects_unverifiable_center_when_id_expected" time="0.005" /><testcase classname="tests.test_crawler" name="test_crawl_current_screen_rejects_matching_name_without_expected_center_id" time="0.005" /><testcase classname="tests.test_crawler" name="test_crawl_current_screen_rejects_conflicting_selected_center_even_with_matching_hidden_id" time="0.005" /><testcase classname="tests.test_crawler" name="test_crawl_current_screen_accepts_matching_center_id_with_different_display_name" time="0.005" /><testcase classname="tests.test_crawler" name="test_crawl_current_screen_accepts_center_shown_as_plain_text_span" time="0.006" /><testcase classname="tests.test_crawler" name="test_crawl_current_screen_rejects_wrong_center_shown_as_plain_text_span" time="0.006" /><testcase classname="tests.test_crawler" name="test_select_page_by_url_allows_query_and_hash" time="0.001" /><testcase classname="tests.test_crawler" name="test_select_page_by_url_rejects_different_scheme" time="0.001" /><testcase classname="tests.test_crawler" name="test_select_page_by_url_prefers_exact_query_match" time="0.001" /><testcase classname="tests.test_crawler" name="test_select_page_by_url_treats_reordered_query_as_exact_match" time="0.001" /><testcase classname="tests.test_crawler" name="test_select_page_by_url_refuses_duplicate_exact_matches" time="0.001" /><testcase classname="tests.test_crawler" name="test_select_page_by_url_refuses_ambiguous_path_only_match" time="0.001" /><testcase classname="tests.test_crawler" name="test_select_page_by_url_returns_none_when_target_tab_is_missing" time="0.000" /><testcase classname="tests.test_crawler" name="test_open_baemin_delivery_history_page_enforces_configured_center_before_history" time="0.006" /><testcase classname="tests.test_crawler" name="test_fetch_target_page_content_does_not_close_cdp_browser" time="0.005" /><testcase classname="tests.test_crawler" name="test_click_baemin_refresh_button_clicks_real_refresh_button" time="0.096" /><testcase classname="tests.test_crawler" name="test_collect_baemin_achievement_report_text_preserves_frame_line_breaks" time="0.007" /><testcase classname="tests.test_crawler" name="test_crawl4ai_cdp_async_path_never_closes_user_browser" time="0.006" /><testcase classname="tests.test_crawler" name="test_fetch_via_cdp_rejects_non_local_address_before_connecting" time="0.005" /><testcase classname="tests.test_crawler" name="test_fetch_via_cdp_allows_localhost_address" time="0.004" /><testcase classname="tests.test_crawler" name="test_fetch_via_cdp_connection_refused_raises_cdp_unavailable" time="0.004" /><testcase classname="tests.test_crawler" name="test_fetch_via_cdp_non_connection_error_stays_runtime_error" time="0.005" /><testcase classname="tests.test_gmail_2fa" name="test_extract_message_text_decodes_single_plain_part" time="0.000" /><testcase classname="tests.test_gmail_2fa" name="test_extract_message_text_prefers_plain_over_html_in_multipart" time="0.000" /><testcase classname="tests.test_gmail_2fa" name="test_extract_message_text_strips_html_when_no_plain_part" time="0.001" /><testcase classname="tests.test_gmail_2fa" name="test_extract_message_text_handles_nested_multipart" time="0.000" /><testcase classname="tests.test_gmail_2fa" name="test_extract_verification_code_prefers_context_keyword" time="0.001" /><testcase classname="tests.test_gmail_2fa" name="test_extract_verification_code_uses_english_keyword" time="0.001" /><testcase classname="tests.test_gmail_2fa" name="test_extract_verification_code_fallback_when_single_number" time="0.001" /><testcase classname="tests.test_gmail_2fa" name="test_extract_verification_code_fallback_rejects_multiple_numbers" time="0.000" /><testcase classname="tests.test_gmail_2fa" name="test_extract_verification_code_fallback_requires_context_keyword" time="0.001" /><testcase classname="tests.test_gmail_2fa" name="test_extract_verification_code_fallback_accepts_with_distant_keyword" time="0.001" /><testcase classname="tests.test_gmail_2fa" name="test_extract_verification_code_respects_code_digits" time="0.001" /><testcase classname="tests.test_gmail_2fa" name="test_fetch_ignores_messages_before_requested_after" time="0.001" /><testcase classname="tests.test_gmail_2fa" name="test_fetch_picks_newest_message_after_requested_after" time="0.001" /><testcase classname="tests.test_gmail_2fa" name="test_fetch_does_not_use_older_mail_when_newest_unparseable" time="0.001" /><testcase classname="tests.test_gmail_2fa" name="test_fetch_polls_until_mail_arrives" time="0.001" /><testcase classname="tests.test_gmail_2fa" name="test_fetch_wraps_list_api_error_as_gmail2faerror" time="0.001" /><testcase classname="tests.test_gmail_2fa" name="test_fetch_wraps_get_api_error_as_gmail2faerror" time="0.000" /><testcase classname="tests.test_keyword_responder" name="test_load_keyword_config_reads_file" time="0.015" /><testcase classname="tests.test_keyword_responder" name="test_load_keyword_config_missing_file_uses_defaults" time="0.006" /><testcase classname="tests.test_keyword_responder" name="test_load_keyword_config_invalid_json_uses_defaults" time="0.015" /><testcase classname="tests.test_keyword_responder" name="test_load_keyword_config_fills_missing_keys" time="0.015" /><testcase classname="tests.test_keyword_responder" name="test_load_keyword_config_bad_types_fall_back" time="0.008" /><testcase classname="tests.test_keyword_responder" name="test_load_keyword_config_negative_cooldown_falls_back" time="0.008" /><testcase classname="tests.test_keyword_responder" name="test_load_keyword_config_zero_cooldown_is_allowed" time="0.016" /><testcase classname="tests.test_keyword_responder" name="test_match_keyword[\uc0ac\uace0\uac00 \ub0ac\uc2b5\ub2c8\ub2e4-True]" time="0.001" /><testcase classname="tests.test_keyword_responder" name="test_match_keyword[\ubcd1\uc6d0 \uc5b4\ub514\ub85c \uac00\uc57c \ud558\ub098\uc694-True]" time="0.001" /><testcase classname="tests.test_keyword_responder" name="test_match_keyword[\uad50\ud1b5\uc0ac\uace0 \uc811\uc218 \ubb38\uc758-True]" time="0.001" /><testcase classname="tests.test_keyword_responder" name="test_match_keyword[\uac00\uae4c\uc6b4 \ubcd1\uc6d0 \uc54c\ub824\uc8fc\uc138\uc694-True]" time="0.001" /><testcase classname="tests.test_keyword_responder" name="test_match_keyword[\uc548\ub155\ud558\uc138\uc694-False]" time="0.001" /><testcase classname="tests.test_keyword_responder" name="test_match_keyword[-False]" time="0.001" /><testcase classname="tests.test_keyword_responder" name="test_responder_replies_on_keyword" time="0.016" /><testcase classname="tests.test_keyword_responder" name="test_responder_ignores_non_keyword" time="0.006" /><testcase classname="tests.test_keyword_responder" name="test_responder_applies_cooldown_after_mark_sent" time="0.006" /><testcase classname="tests.test_keyword_responder" name="test_responder_does_not_apply_cooldown_without_mark_sent" time="0.005" /><testcase classname="tests.test_keyword_responder" name="test_responder_cooldown_is_independent_per_target" time="0.007" /><testcase classname="tests.test_keyword_responder" name="test_responder_reflects_config_edits_without_restart" time="0.023" /><testcase classname="tests.test_lock" name="test_run_lock_blocks_nested_execution" time="0.015" /><testcase classname="tests.test_lock" name="test_run_lock_replaces_stale_lock" time="0.021" /><testcase classname="tests.test_lock" name="test_run_lock_treats_new_empty_lock_file_as_held" time="0.005" /><testcase classname="tests.test_lock" name="test_run_lock_does_not_remove_lock_replaced_by_another_run" time="0.013" /><testcase classname="tests.test_lock" name="test_run_lock_refresh_keeps_live_owner_from_being_treated_as_stale" time="0.022" /><testcase classname="tests.test_message" name="test_render_current_screen_message_matches_spec_order" time="0.001" /><testcase classname="tests.test_message" name="test_render_current_screen_message_omits_reject_rate_when_unavailable" time="0.001" /><testcase classname="tests.test_message" name="test_render_current_screen_message_includes_achievement_goals_when_available" time="0.001" /><testcase classname="tests.test_parser" name="test_parse_current_screen_html_extracts_summary_fields" time="0.004" /><testcase classname="tests.test_parser" name="test_parse_count_normalizes_korean_count_text[10\uac74-10]" time="0.001" /><testcase classname="tests.test_parser" name="test_parse_count_normalizes_korean_count_text[102.4\uac74-102.4]" time="0.001" /><testcase classname="tests.test_parser" name="test_parse_count_normalizes_korean_count_text[\uac70\uc808\uc728: 6.2%-6.2]" time="0.001" /><testcase classname="tests.test_parser" name="test_parse_count_normalizes_korean_count_text[1,203 \uac74-1203]" time="0.001" /><testcase classname="tests.test_parser" name="test_parse_count_normalizes_korean_count_text[--0]" time="0.001" /><testcase classname="tests.test_parser" name="test_parse_pair_extracts_done_and_total_counts" time="0.001" /><testcase classname="tests.test_parser" name="test_parse_current_screen_html_raises_when_required_data_is_missing" time="0.002" /><testcase classname="tests.test_parser" name="test_parse_achievement_report_text_extracts_latest_completed_row_for_center" time="0.001" /><testcase classname="tests.test_parser" name="test_parse_achievement_report_text_prefers_today_when_today_has_counts" time="0.001" /><testcase classname="tests.test_scheduler" name="test_scheduler_runs_immediately_then_waits_interval" time="0.000" /><testcase classname="tests.test_scheduler" name="test_scheduler_can_run_with_second_interval_for_baemin_refresh_loop" time="0.001" /><testcase classname="tests.test_scheduler" name="test_scheduler_retries_soon_when_job_reports_skipped_run" time="0.001" /><testcase classname="tests.test_scheduler" name="test_scheduler_does_not_run_when_stopped_before_start" time="0.001" /><testcase classname="tests.test_scheduler" name="test_scheduler_rejects_non_positive_interval" time="0.001" /><testcase classname="tests.test_sender" name="test_send_kakao_text_requires_chat_name" time="0.004" /><testcase classname="tests.test_sender" name="test_send_kakao_text_refuses_non_windows_runtime" time="0.005" /><testcase classname="tests.test_sender" name="test_bring_window_to_front_uses_win32_force_before_title_bar_click" time="0.001" /><testcase classname="tests.test_sender" name="test_bring_window_to_front_falls_back_to_click_when_win32_force_does_not_take" time="0.001" /><testcase classname="tests.test_sender" name="test_bring_window_to_front_raises_when_all_focus_methods_fail" time="0.001" /><testcase classname="tests.test_sender" name="test_focus_last_kakao_chat_window_rejects_different_chat_name" time="0.001" /><testcase classname="tests.test_sender" name="test_strict_selection_picks_exact_title_among_open_rooms" time="0.001" /><testcase classname="tests.test_sender" name="test_strict_selection_does_not_collide_on_similar_titles" time="0.001" /><testcase classname="tests.test_sender" name="test_strict_selection_no_match_does_not_fall_back_to_message_window" time="0.001" /><testcase classname="tests.test_sender" name="test_send_kakao_text_does_not_fall_back_when_selected_window_lacks_input" time="0.006" /><testcase classname="tests.test_sender" name="test_list_kakao_windows_deduplicates_same_handle_across_backends" time="0.001" /><testcase classname="tests.test_sender" name="test_strict_selection_rejects_two_windows_with_same_exact_title" time="0.001" /><testcase classname="tests.test_sender" name="test_send_does_not_run_main_search_when_exact_title_is_ambiguous" time="0.005" /><testcase classname="tests.test_sender" name="test_strict_selection_raises_unsafe_when_exact_window_focus_fails" time="0.001" /><testcase classname="tests.test_sender" name="test_send_does_not_run_main_search_when_exact_window_focus_fails" time="0.006" /><testcase classname="tests.test_sender" name="test_send_fails_when_no_backend_can_be_scanned" time="0.005" /><testcase classname="tests.test_sender" name="test_remembered_handle_is_not_reused_across_different_chat_names" time="0.001" /><testcase classname="tests.test_sender" name="test_focus_kakao_main_window_picks_exact_main_title" time="0.001" /><testcase classname="tests.test_sender" name="test_focus_kakao_main_window_fails_when_only_chat_rooms_open" time="0.001" /><testcase classname="tests.test_sender" name="test_focus_kakao_main_window_unsafe_when_no_backend_scannable" time="0.001" /><testcase classname="tests.test_sender" name="test_open_from_main_focuses_main_window_not_arbitrary_kakao" time="0.001" /><testcase classname="tests.test_sender" name="test_send_kakao_text_clears_existing_draft_before_pasting" time="0.004" /><testcase classname="tests.test_sender" name="test_send_kakao_text_treats_empty_input_placeholder_as_empty" time="0.003" /><testcase classname="tests.test_sender" name="test_send_kakao_text_rejects_when_draft_not_cleared" time="0.004" /><testcase classname="tests.test_sender" name="test_send_kakao_text_rejects_when_pasted_value_not_exactly_equal" time="0.005" /><testcase classname="tests.test_sender" name="test_send_kakao_text_accepts_long_pasted_value_prefix" time="0.004" /><testcase classname="tests.test_sender" name="test_send_kakao_text_accepts_long_pasted_value_with_ui_read_variation" time="0.005" /><testcase classname="tests.test_sender" name="test_send_kakao_text_accepts_pasted_bot_header_when_rich_edit_read_is_partial" time="0.006" /><testcase classname="tests.test_sender" name="test_send_kakao_text_sends_when_richedit_name_echoes_pasted_body" time="0.005" /><testcase classname="tests.test_sender" name="test_send_kakao_text_fails_when_pasted_value_unreadable" time="0.005" /><testcase classname="tests.test_sender" name="test_send_kakao_text_rejects_residual_text_after_send" time="0.004" /><testcase classname="tests.test_sender" name="test_send_kakao_text_fails_when_post_send_value_unreadable" time="0.004" /><testcase classname="tests.test_sender" name="test_send_kakao_text_aborts_when_input_loses_focus_before_clear" time="0.004" /><testcase classname="tests.test_sender" name="test_send_kakao_text_reasserts_focus_before_each_destructive_step" time="0.003" /><testcase classname="tests.test_sender" name="test_send_kakao_text_aborts_when_focus_cannot_be_determined" time="0.004" /><testcase classname="tests.test_sender" name="test_ensure_message_input_focus_blocks_on_unknown_focus" time="0.101" /><testcase classname="tests.test_sender" name="test_send_kakao_text_fails_when_clear_value_unreadable" time="0.006" /><testcase classname="tests.test_telegram_commands" name="test_parse_rider_lookup_command_extracts_name_and_phone_last4" time="0.001" /><testcase classname="tests.test_telegram_commands" name="test_parse_rider_lookup_command_ignores_non_lookup_text" time="0.001" /><testcase classname="tests.test_telegram_commands" name="test_find_rider_cancel_stats_matches_name_and_phone_last4" time="0.001" /><testcase classname="tests.test_telegram_commands" name="test_calculate_cancel_rate_uses_completed_rejected_and_cancels" time="0.001" /><testcase classname="tests.test_telegram_commands" name="test_render_rider_cancel_reply_marks_risky_rate" time="0.001" /><testcase classname="tests.test_telegram_commands" name="test_telegram_command_processor_routes_lookup_to_matching_chat_config" time="0.003" /><testcase classname="tests.test_telegram_commands" name="test_telegram_command_processor_routes_lookup_to_matching_chat_thread" time="0.005" /><testcase classname="tests.test_telegram_commands" name="test_telegram_command_processor_normalizes_configured_thread_id" time="0.003" /><testcase classname="tests.test_telegram_commands" name="test_telegram_command_processor_logs_unmatched_chat_without_replying" time="0.004" /><testcase classname="tests.test_telegram_commands" name="test_telegram_command_processor_logs_unmatched_thread_without_replying" time="0.004" /><testcase classname="tests.test_telegram_commands" name="test_telegram_command_processor_rejects_duplicate_targets" time="0.004" /><testcase classname="tests.test_telegram_commands" name="test_telegram_update_poller_routes_matching_chat_text_and_advances_offset" time="0.018" /><testcase classname="tests.test_telegram_commands" name="test_telegram_update_poller_does_not_advance_offset_when_handler_fails" time="0.018" /><testcase classname="tests.test_telegram_commands" name="test_telegram_update_poller_skips_successful_higher_update_after_lower_update_fails" time="0.036" /><testcase classname="tests.test_telegram_commands" name="test_telegram_update_poller_persists_completed_higher_update_when_lower_update_fails" time="0.027" /><testcase classname="tests.test_telegram_commands" name="test_telegram_update_poller_persists_offset_after_successful_handler" time="0.018" /><testcase classname="tests.test_telegram_commands" name="test_telegram_update_poller_reloads_offset_after_lock_is_acquired" time="0.014" /><testcase classname="tests.test_telegram_commands" name="test_telegram_update_poller_completes_unhandled_lookup_command" time="0.017" /><testcase classname="tests.test_telegram_commands" name="test_telegram_update_poller_recovers_offset_when_completed_sidecar_exists" time="0.020" /><testcase classname="tests.test_telegram_commands" name="test_telegram_update_poller_does_not_advance_offset_when_final_reply_fails" time="0.017" /><testcase classname="tests.test_telegram_commands" name="test_telegram_update_poller_does_not_repeat_progress_reply_after_final_reply_fails" time="0.026" /><testcase classname="tests.test_telegram_commands" name="test_telegram_update_poller_handles_updates_in_same_batch_concurrently" time="0.015" /><testcase classname="tests.test_telegram_commands" name="test_telegram_update_poller_uses_offset_file_lock" time="0.013" /><testcase classname="tests.test_telegram_commands" name="test_default_offset_store_path_depends_on_token_not_first_tab_log_dir" time="0.005" /><testcase classname="tests.test_telegram_commands" name="test_default_offset_store_path_is_absolute_and_cwd_stable" time="0.008" /><testcase classname="tests.test_telegram_commands" name="test_default_offset_store_path_honors_state_root_override" time="0.006" /><testcase classname="tests.test_telegram_commands" name="test_telegram_command_processor_replies_that_lookup_is_baemin_only_for_coupang" time="0.003" /><testcase classname="tests.test_telegram_commands" name="test_keyword_auto_reply_sends_on_keyword" time="0.013" /><testcase classname="tests.test_telegram_commands" name="test_keyword_auto_reply_ignores_unconfigured_chat" time="0.004" /><testcase classname="tests.test_telegram_commands" name="test_keyword_auto_reply_is_topic_aware" time="0.006" /><testcase classname="tests.test_telegram_commands" name="test_keyword_auto_reply_respects_cooldown" time="0.012" /><testcase classname="tests.test_telegram_commands" name="test_keyword_auto_reply_does_not_run_without_responder" time="0.003" /><testcase classname="tests.test_telegram_commands" name="test_keyword_auto_reply_excludes_slash_commands" time="0.004" /><testcase classname="tests.test_telegram_commands" name="test_keyword_auto_reply_retries_after_send_failure" time="0.006" /><testcase classname="tests.test_telegram_commands" name="test_keyword_auto_reply_does_not_double_send_on_concurrent_batch" time="0.057" /><testcase classname="tests.test_telegram_commands" name="test_lookup_command_still_takes_precedence_over_keyword" time="0.006" /><testcase classname="tests.test_telegram_sender" name="test_send_telegram_text_posts_send_message_request" time="0.003" /><testcase classname="tests.test_telegram_sender" name="test_send_telegram_text_includes_configured_message_thread_id" time="0.003" /><testcase classname="tests.test_telegram_sender" name="test_send_telegram_text_can_override_message_thread_id_for_replies" time="0.004" /><testcase classname="tests.test_telegram_sender" name="test_send_telegram_text_retries_after_telegram_rate_limit" time="0.003" /><testcase classname="tests.test_telegram_sender" name="test_send_telegram_text_does_not_retry_ambiguous_transport_failure" time="0.004" /><testcase classname="tests.test_telegram_sender" name="test_send_telegram_text_does_not_retry_after_response_read_failure" time="0.005" /><testcase classname="tests.test_telegram_sender" name="test_get_telegram_updates_transport_failure_is_not_ambiguous" time="0.004" /><testcase classname="tests.test_telegram_sender" name="test_send_telegram_text_reads_retry_after_from_http_error" time="0.005" /><testcase classname="tests.test_telegram_sender" name="test_send_telegram_text_requires_token_and_chat_id" time="0.006" /><testcase classname="tests.test_telegram_sender" name="test_send_telegram_text_raises_send_error_for_non_dict_json_body" time="0.004" /><testcase classname="tests.test_telegram_sender" name="test_send_telegram_text_reports_new_chat_id_on_supergroup_migration" time="0.005" /><testcase classname="tests.test_telegram_sender" name="test_get_telegram_updates_uses_long_polling_parameters" time="0.004" /><testcase classname="tests.test_ui_helpers" name="test_ui_defaults_leave_more_vertical_room_for_preview_log" time="0.000" /><testcase classname="tests.test_ui_helpers" name="test_messenger_options_expose_telegram_and_kakao_for_ui" time="0.001" /><testcase classname="tests.test_ui_helpers" name="test_platform_options_expose_baemin_and_coupang_for_ui" time="0.000" /><testcase classname="tests.test_ui_helpers" name="test_coerce_settings_builds_coupang_ui_settings_from_form_values" time="0.004" /><testcase classname="tests.test_ui_helpers" name="test_validate_active_tab_isolation_allows_coupang_with_expected_center" time="0.004" /><testcase classname="tests.test_ui_helpers" name="test_validate_active_tab_isolation_rejects_coupang_without_expected_center" time="0.004" /><testcase classname="tests.test_ui_helpers" name="test_validate_active_tab_isolation_rejects_coupang_with_default_baemin_center" time="0.003" /><testcase classname="tests.test_ui_helpers" name="test_validate_active_tab_isolation_rejects_coupang_with_baemin_primary_url" time="0.004" /><testcase classname="tests.test_ui_helpers" name="test_validate_active_tab_isolation_rejects_coupang_primary_url_with_wrong_path" time="0.004" /><testcase classname="tests.test_ui_helpers" name="test_validate_active_tab_isolation_rejects_coupang_primary_url_with_http_scheme" time="0.003" /><testcase classname="tests.test_ui_helpers" name="test_messenger_field_states_enable_only_telegram_inputs_for_telegram" time="0.000" /><testcase classname="tests.test_ui_helpers" name="test_messenger_field_states_enable_only_kakao_inputs_for_kakao" time="0.001" /><testcase classname="tests.test_ui_helpers" name="test_run_cli_once_uses_environment_config" time="0.005" /><testcase classname="tests.test_ui_helpers" name="test_coerce_settings_builds_ui_settings_from_form_values" time="0.004" /><testcase classname="tests.test_ui_helpers" name="test_coerce_settings_rejects_unknown_messenger" time="0.001" /><testcase classname="tests.test_ui_helpers" name="test_validate_active_tab_isolation_rejects_duplicate_cdp_ports" time="0.004" /><testcase classname="tests.test_ui_helpers" name="test_validate_active_tab_isolation_rejects_duplicate_browser_profiles" time="0.005" /><testcase classname="tests.test_ui_helpers" name="test_validate_active_tab_isolation_rejects_active_tab_without_baemin_center_identity" time="0.003" /><testcase classname="tests.test_ui_helpers" name="test_validate_active_tab_isolation_rejects_shared_center_name_without_ids" time="0.005" /><testcase classname="tests.test_ui_helpers" name="test_validate_active_tab_isolation_allows_shared_center_name_with_distinct_ids" time="0.007" /><testcase classname="tests.test_ui_helpers" name="test_validate_active_tab_isolation_rejects_non_local_cdp_address" time="0.005" /><testcase classname="tests.test_ui_helpers" name="test_validate_active_tab_isolation_allows_localhost_cdp_address" time="0.005" /><testcase classname="tests.test_ui_helpers" name="test_validate_active_tab_isolation_ignores_inactive_tabs" time="0.004" /><testcase classname="tests.test_ui_helpers" name="test_validate_active_tab_isolation_ignores_duplicate_cdp_ports_for_persistent_tabs" time="0.004" /><testcase classname="tests.test_ui_helpers" name="test_validate_active_tab_isolation_allows_duplicate_telegram_tokens_with_unique_chat_ids" time="0.004" /><testcase classname="tests.test_ui_helpers" name="test_validate_active_tab_isolation_allows_same_chat_id_with_unique_thread_ids" time="0.004" /><testcase classname="tests.test_ui_helpers" name="test_validate_active_tab_isolation_rejects_same_chat_id_with_equivalent_thread_ids" time="0.006" /><testcase classname="tests.test_ui_helpers" name="test_validate_active_tab_isolation_rejects_duplicate_active_telegram_chat_ids" time="0.004" /><testcase classname="tests.test_ui_helpers" name="test_validate_active_tab_isolation_ignores_duplicate_chat_ids_for_non_telegram_or_disabled_tabs" time="0.004" /><testcase classname="tests.test_ui_helpers" name="test_validate_active_tab_isolation_rejects_enabled_telegram_without_token" time="0.005" /><testcase classname="tests.test_ui_helpers" name="test_validate_active_tab_isolation_rejects_enabled_telegram_without_chat_id" time="0.003" /><testcase classname="tests.test_ui_helpers" name="test_validate_active_tab_isolation_rejects_enabled_kakao_without_chat_name" time="0.003" /><testcase classname="tests.test_ui_helpers" name="test_validate_active_tab_isolation_rejects_duplicate_active_kakao_chat_names" time="0.005" /><testcase classname="tests.test_ui_helpers" name="test_validate_active_tab_isolation_allows_unique_active_kakao_chat_names" time="0.004" /><testcase classname="tests.test_ui_helpers" name="test_validate_active_tab_isolation_ignores_duplicate_kakao_names_for_disabled_tabs" time="0.004" /><testcase classname="tests.test_ui_helpers" name="test_telegram_configs_by_token_groups_duplicate_tokens_once" time="0.003" /><testcase classname="tests.test_ui_helpers" name="test_telegram_configs_by_token_ignores_non_telegram_or_disabled_tabs" time="0.003" /><testcase classname="tests.test_ui_helpers" name="test_scheduled_run_skips_when_stop_requested" time="0.003" /><testcase classname="tests.test_ui_helpers" name="test_different_tabs_can_enter_run_once_concurrently" time="0.004" /><testcase classname="tests.test_ui_helpers" name="test_start_is_blocked_while_previous_workers_are_still_stopping" time="0.004" /><testcase classname="tests.test_ui_helpers" name="test_start_runs_only_selected_tab_with_its_own_interval" time="0.004" /><testcase classname="tests.test_ui_helpers" name="test_per_tab_start_stop_works_for_all_nine_tabs" time="0.006" /><testcase classname="tests.test_ui_helpers" name="test_switching_to_idle_tab_reenables_start_button" time="0.001" /><testcase classname="tests.test_ui_helpers" name="test_shared_token_keeps_single_poller_routing_all_active_tabs" time="0.004" /><testcase classname="tests.test_ui_helpers" name="test_stopping_telegram_listener_keeps_handle_until_worker_exits" time="0.004" /><testcase classname="tests.test_ui_helpers" name="test_show_result_labels_next_run_with_tab_index" time="0.001" /><testcase classname="tests.test_ui_helpers" name="test_show_result_makes_disabled_send_visible" time="0.001" /><testcase classname="tests.test_ui_helpers" name="test_same_tab_run_is_skipped_when_already_running" time="0.005" /><testcase classname="tests.test_ui_helpers" name="test_telegram_send_failure_requests_scheduler_retry" time="0.004" /><testcase classname="tests.test_ui_helpers" name="test_kakao_send_failure_requests_scheduler_retry" time="0.003" /><testcase classname="tests.test_ui_helpers" name="test_ambiguous_telegram_failure_skips_fast_retry" time="0.005" /><testcase classname="tests.test_ui_helpers" name="test_ambiguous_kakao_failure_skips_fast_retry" time="0.004" /><testcase classname="tests.test_ui_helpers" name="test_crawl_failure_requests_scheduler_retry" time="0.006" /><testcase classname="tests.test_ui_helpers" name="test_cdp_unavailable_waits_full_interval_and_skips_error_log" time="0.004" /><testcase classname="tests.test_ui_helpers" name="test_browser_action_required_stops_tab_and_writes_error_log" time="0.004" /><testcase classname="tests.test_ui_helpers" name="test_kakao_send_uses_common_lock" time="0.054" /><testcase classname="tests.test_ui_helpers" name="test_telegram_send_uses_common_lock_per_bot_token" time="0.054" /><testcase classname="tests.test_ui_helpers" name="test_telegram_send_waits_between_messages_for_same_bot_token" time="0.004" /><testcase classname="tests.test_ui_helpers" name="test_telegram_command_reply_uses_common_lock_per_bot_token" time="0.055" /><testcase classname="tests.test_ui_helpers" name="test_coerce_settings_uses_default_message_interval_when_field_is_missing" time="0.004" /><testcase classname="tests.test_ui_helpers" name="test_coerce_settings_normalizes_telegram_thread_id" time="0.004" /><testcase classname="tests.test_ui_helpers" name="test_coerce_settings_rejects_bad_interval" time="0.001" /><testcase classname="tests.test_ui_helpers" name="test_disable_unsupported_send_turns_off_send_on_mac" time="0.001" /><testcase classname="tests.test_ui_helpers" name="test_disable_unsupported_send_keeps_send_on_windows" time="0.001" /><testcase classname="tests.test_ui_helpers" name="test_disable_unsupported_send_keeps_telegram_send_on_mac" time="0.000" /><testcase classname="tests.test_ui_helpers" name="test_app_configs_from_settings_names_tabs_and_skips_blank_urls" time="0.004" /><testcase classname="tests.test_ui_settings" name="test_ui_settings_defaults_to_baemin_platform" time="0.000" /><testcase classname="tests.test_ui_settings" name="test_ui_settings_save_and_load_round_trip_keeps_platform" time="0.015" /><testcase classname="tests.test_ui_settings" name="test_ui_settings_load_infers_coupang_from_legacy_coupang_url" time="0.005" /><testcase classname="tests.test_ui_settings" name="test_ui_settings_defaults_are_safe_for_first_run" time="0.001" /><testcase classname="tests.test_ui_settings" name="test_additional_tab_defaults_do_not_inherit_first_center" time="0.001" /><testcase classname="tests.test_ui_settings" name="test_ui_settings_save_and_load_round_trip" time="0.013" /><testcase classname="tests.test_ui_settings" name="test_ui_settings_load_all_migrates_single_settings_to_nine_tabs" time="0.007" /><testcase classname="tests.test_ui_settings" name="test_ui_settings_save_all_and_load_all_round_trip" time="0.018" /><testcase classname="tests.test_ui_settings" name="test_ui_settings_load_keeps_legacy_minute_interval" time="0.005" /><testcase classname="tests.test_ui_settings" name="test_ui_settings_load_migrates_legacy_refresh_seconds_to_message_minutes" time="0.006" /><testcase classname="tests.test_ui_settings" name="test_ui_settings_load_migrates_legacy_kakao_without_messenger_name_when_send_enabled" time="0.011" /><testcase classname="tests.test_ui_settings" name="test_ui_settings_load_migrates_legacy_kakao_without_messenger_name_when_send_disabled" time="0.005" /><testcase classname="tests.test_ui_settings" name="test_ui_settings_load_keeps_telegram_default_for_ambiguous_settings" time="0.005" /><testcase classname="tests.test_ui_settings" name="test_ui_settings_load_keeps_explicit_messenger_name_over_legacy_kakao_heuristic" time="0.005" /><testcase classname="tests.test_ui_settings" name="test_ui_settings_convert_to_app_config" time="0.004" /><testcase classname="tests.test_ui_settings" name="test_ui_settings_to_app_config_uses_ui_2fa_fields" time="0.001" /><testcase classname="tests.test_ui_settings" name="test_ui_settings_to_app_config_2fa_does_not_read_env" time="0.001" /><testcase classname="tests.test_ui_settings" name="test_ui_settings_to_app_config_defaults_2fa_disabled" time="0.002" /></testsuite></testsuites>