============================= test session starts =============================
platform win32 -- Python 3.11.9, pytest-9.0.3, pluggy-1.6.0 -- C:\Users\KimYS\Desktop\개발외주\rider_result_mornitoring\.venv\Scripts\python.exe
cachedir: .pytest_cache
rootdir: C:\Users\KimYS\Desktop\개발외주\rider_result_mornitoring
configfile: pyproject.toml
testpaths: tests
plugins: anyio-4.13.0
collecting ... collected 421 items

tests/test_app.py::test_run_once_dry_run_builds_message_without_sending PASSED [  0%]
tests/test_app.py::test_run_once_includes_crawl_name_when_center_name_absent PASSED [  0%]
tests/test_app.py::test_run_once_labels_message_with_center_name PASSED  [  0%]
tests/test_app.py::test_run_once_sends_again_when_telegram_target_changes PASSED [  0%]
tests/test_app.py::test_run_once_skips_duplicate_when_telegram_thread_id_format_changes PASSED [  1%]
tests/test_app.py::test_run_once_allows_parallel_runs_for_different_browser_scopes PASSED [  1%]
tests/test_app.py::test_run_once_blocks_parallel_runs_for_same_browser_scope_even_with_different_state_subdirs PASSED [  1%]
tests/test_app.py::test_run_once_blocks_parallel_cdp_runs_even_when_profile_paths_differ PASSED [  1%]
tests/test_app.py::test_app_default_crawl_uses_configured_platform_name PASSED [  2%]
tests/test_app.py::test_message_scope_key_includes_platform_and_peak_dashboard_url PASSED [  2%]
tests/test_architecture.py::test_coupang_snapshot_models_are_available PASSED [  2%]
tests/test_architecture.py::test_default_platform_registry_resolves_baemin_crawler PASSED [  2%]
tests/test_architecture.py::test_baemin_platform_crawls_snapshot_with_injected_crawler PASSED [  3%]
tests/test_architecture.py::test_coupang_platform_registry_resolves_coupang_crawler PASSED [  3%]
tests/test_architecture.py::test_crawl_snapshot_uses_configured_platform_name PASSED [  3%]
tests/test_architecture.py::test_crawl_snapshot_explicit_platform_name_overrides_config PASSED [  3%]
tests/test_architecture.py::test_default_messenger_registry_resolves_telegram_sender PASSED [  4%]
tests/test_architecture.py::test_kakao_messenger_can_still_be_resolved_explicitly PASSED [  4%]
tests/test_architecture.py::test_kakao_messenger_sends_text_with_injected_sender PASSED [  4%]
tests/test_architecture.py::test_app_default_crawl_and_send_use_extension_registries PASSED [  4%]
tests/test_baemin_parser.py::test_parse_baemin_delivery_history_html_maps_rows_by_header_text PASSED [  4%]
tests/test_baemin_parser.py::test_parse_baemin_delivery_history_html_keeps_mapping_when_columns_move PASSED [  5%]
tests/test_baemin_parser.py::test_parse_baemin_delivery_history_html_accepts_live_thead_summary_row PASSED [  5%]
tests/test_baemin_parser.py::test_baemin_delivery_history_to_snapshot_uses_summary_row_for_existing_message_shape PASSED [  5%]
tests/test_baemin_parser.py::test_parse_current_screen_html_accepts_baemin_delivery_history_page PASSED [  5%]
tests/test_baemin_parser.py::test_baemin_delivery_history_waiting_count_uses_waiting_status_not_offline_rows PASSED [  6%]
tests/test_baemin_parser.py::test_baemin_delivery_history_rejects_invalid_required_numeric_value PASSED [  6%]
tests/test_baseline_artifacts.py::test_committed_artifact_exists[ui_settings.sample.json] PASSED [  6%]
tests/test_baseline_artifacts.py::test_committed_artifact_exists[config.sample.json] PASSED [  6%]
tests/test_baseline_artifacts.py::test_committed_artifact_exists[.env.sample] PASSED [  7%]
tests/test_baseline_artifacts.py::test_committed_artifact_exists[.env.example] PASSED [  7%]
tests/test_baseline_artifacts.py::test_committed_artifact_exists[baseline-record-20260613.md] PASSED [  7%]
tests/test_baseline_artifacts.py::test_no_real_telegram_bot_token_in_artifacts[ui_settings.sample.json] PASSED [  7%]
tests/test_baseline_artifacts.py::test_no_real_telegram_bot_token_in_artifacts[config.sample.json] PASSED [  8%]
tests/test_baseline_artifacts.py::test_no_real_telegram_bot_token_in_artifacts[.env.sample] PASSED [  8%]
tests/test_baseline_artifacts.py::test_no_real_telegram_bot_token_in_artifacts[.env.example] PASSED [  8%]
tests/test_baseline_artifacts.py::test_no_real_telegram_bot_token_in_artifacts[baseline-record-20260613.md] PASSED [  8%]
tests/test_baseline_artifacts.py::test_ui_settings_sample_is_valid_json PASSED [  9%]
tests/test_baseline_artifacts.py::test_ui_settings_sample_uses_two_space_indent PASSED [  9%]
tests/test_baseline_artifacts.py::test_ui_settings_sample_telegram_fields_are_placeholders PASSED [  9%]
tests/test_baseline_artifacts.py::test_ui_settings_sample_operating_identifiers_are_placeholders PASSED [  9%]
tests/test_baseline_artifacts.py::test_ui_settings_sample_keeps_single_representative_tab PASSED [  9%]
tests/test_baseline_artifacts.py::test_config_sample_phone_numbers_are_zero_placeholders PASSED [ 10%]
tests/test_baseline_artifacts.py::test_env_telegram_secrets_are_empty[.env.sample] PASSED [ 10%]
tests/test_baseline_artifacts.py::test_env_telegram_secrets_are_empty[.env.example] PASSED [ 10%]
tests/test_baseline_artifacts.py::test_env_operating_identifiers_are_placeholders[.env.sample] PASSED [ 10%]
tests/test_baseline_artifacts.py::test_env_operating_identifiers_are_placeholders[.env.example] PASSED [ 11%]
tests/test_baseline_artifacts.py::test_baseline_record_contains_required_metadata PASSED [ 11%]
tests/test_baseline_artifacts.py::test_gitignore_excludes_backups_dir PASSED [ 11%]
tests/test_baseline_artifacts.py::test_backup_zip_is_git_ignored_if_present PASSED [ 11%]
tests/test_baseline_artifacts.py::test_baseline_tag_is_annotated_and_matches_record PASSED [ 12%]
tests/test_browser_launcher.py::test_build_mac_chrome_command_uses_cdp_port_and_dedicated_profile PASSED [ 12%]
tests/test_browser_launcher.py::test_build_mac_chrome_command_resolves_relative_default_profile_path PASSED [ 12%]
tests/test_browser_launcher.py::test_build_windows_chrome_command_uses_cdp_port_profile_and_baemin_url PASSED [ 12%]
tests/test_browser_launcher.py::test_prepare_mac_chrome_runs_open_command_and_creates_profile_dir PASSED [ 13%]
tests/test_browser_launcher.py::test_prepare_chrome_runs_windows_command_and_creates_profile_dir PASSED [ 13%]
tests/test_browser_launcher.py::test_prepare_chrome_rejects_existing_cdp_endpoint_before_launch PASSED [ 13%]
tests/test_browser_launcher.py::test_prepare_chrome_refuses_when_profile_already_running_without_cdp PASSED [ 13%]
tests/test_browser_launcher.py::test_prepare_chrome_launches_when_profile_not_already_running PASSED [ 14%]
tests/test_browser_launcher.py::test_prepare_chrome_rejects_when_cdp_endpoint_does_not_become_ready PASSED [ 14%]
tests/test_browser_launcher.py::test_prepare_mac_chrome_rejects_non_mac_platform PASSED [ 14%]
tests/test_browser_launcher.py::test_prepare_chrome_rejects_remote_cdp_address PASSED [ 14%]
tests/test_browser_launcher.py::test_prepare_chrome_rejects_ipv6_localhost_because_launcher_binds_ipv4 PASSED [ 14%]
tests/test_browser_launcher.py::test_prepare_mac_chrome_wraps_command_failure PASSED [ 15%]
tests/test_browser_launcher.py::test_prepare_chrome_message_names_coupang_platform PASSED [ 15%]
tests/test_config.py::test_app_config_reads_environment_values PASSED    [ 15%]
tests/test_config.py::test_app_config_defaults_to_safe_dry_run PASSED    [ 15%]
tests/test_config.py::test_app_config_reads_coupang_credentials_path PASSED [ 16%]
tests/test_config.py::test_app_config_reads_coupang_environment_values PASSED [ 16%]
tests/test_config.py::test_app_config_coupang_requires_center_name PASSED [ 16%]
tests/test_config.py::test_app_config_coupang_rejects_default_baemin_center_name PASSED [ 16%]
tests/test_config.py::test_runtime_dir_defaults_to_cwd_runtime_for_default_log_dir PASSED [ 17%]
tests/test_config.py::test_runtime_dir_sits_next_to_named_logs_dir PASSED [ 17%]
tests/test_config.py::test_custom_log_dirs_get_isolated_runtime_dirs PASSED [ 17%]
tests/test_config.py::test_app_config_defaults_to_baemin_platform PASSED [ 17%]
tests/test_config.py::test_app_config_baemin_ignores_peak_dashboard_url_env PASSED [ 18%]
tests/test_config.py::test_app_config_coupang_platform_uses_coupang_defaults PASSED [ 18%]
tests/test_coupang_crawler.py::test_coupang_crawl_current_screen_parses_html_from_injected_fetcher PASSED [ 18%]
tests/test_coupang_crawler.py::test_coupang_crawl_current_screen_rejects_unexpected_center PASSED [ 18%]
tests/test_coupang_crawler.py::test_coupang_crawl_current_screen_accepts_expected_center PASSED [ 19%]
tests/test_coupang_crawler.py::test_coupang_crawl_current_screen_rejects_substring_center_match PASSED [ 19%]
tests/test_coupang_crawler.py::test_coupang_crawl_current_screen_rejects_superstring_center_match PASSED [ 19%]
tests/test_coupang_crawler.py::test_coupang_crawl_current_screen_accepts_explicit_alias PASSED [ 19%]
tests/test_coupang_crawler.py::test_coupang_crawl_performance_snapshot_rejects_unexpected_center PASSED [ 19%]
tests/test_coupang_crawler.py::test_coupang_crawl_performance_snapshot_omits_current_screen PASSED [ 20%]
tests/test_coupang_crawler.py::test_coupang_crawl_performance_snapshot_accepts_peak_html_without_center_heading PASSED [ 20%]
tests/test_coupang_crawler.py::test_coupang_crawl_performance_snapshot_accepts_peak_section_headings_without_center PASSED [ 20%]
tests/test_coupang_crawler.py::test_coupang_crawl_performance_snapshot_rejects_peak_when_only_side_text_matches PASSED [ 20%]
tests/test_coupang_crawler.py::test_coupang_crawl_performance_snapshot_accepts_matching_peak_center PASSED [ 21%]
tests/test_coupang_crawler.py::test_coupang_crawl_performance_snapshot_accepts_peak_heading_with_shift_suffix PASSED [ 21%]
tests/test_coupang_crawler.py::test_coupang_crawl_performance_snapshot_accepts_peak_heading_with_spaced_shift_suffix PASSED [ 21%]
tests/test_coupang_crawler.py::test_coupang_center_from_heading_strips_shift_keeping_full_center[\uc81c\uc774\uc564\uc5d0\uc774\uce58\ud50c\ub7ec\uc2a4 \uc758\uc815\ubd80\ub0a8\ubd80-\uc81c\uc774\uc564\uc5d0\uc774\uce58\ud50c\ub7ec\uc2a4 \uc758\uc815\ubd80\ub0a8\ubd80] PASSED [ 21%]
tests/test_coupang_crawler.py::test_coupang_center_from_heading_strips_shift_keeping_full_center[\uc81c\uc774\uc564\uc5d0\uc774\uce58\ud50c\ub7ec\uc2a4 \uc758\uc815\ubd80\ub0a8\ubd80 \uc800\ub141\ud53c\ud06c(16:55~20:00)-\uc81c\uc774\uc564\uc5d0\uc774\uce58\ud50c\ub7ec\uc2a4 \uc758\uc815\ubd80\ub0a8\ubd80] PASSED [ 22%]
tests/test_coupang_crawler.py::test_coupang_center_from_heading_strips_shift_keeping_full_center[\uc81c\uc774\uc564\uc5d0\uc774\uce58\ud50c\ub7ec\uc2a4 \uc758\uc815\ubd80\ub0a8\ubd80 \uc800\ub141 \ud53c\ud06c(16:55~20:00)-\uc81c\uc774\uc564\uc5d0\uc774\uce58\ud50c\ub7ec\uc2a4 \uc758\uc815\ubd80\ub0a8\ubd80] PASSED [ 22%]
tests/test_coupang_crawler.py::test_coupang_center_from_heading_strips_shift_keeping_full_center[\uc81c\uc774\uc564\uc5d0\uc774\uce58\ud50c\ub7ec\uc2a4 \uc758\uc815\ubd80\ub0a8\ubd80 \uc800\ub141 \ud53c\ud06c(16:55~20:00) \ud560\ub2f9\ub7c9 \uc18c\uc9c4 \uc911-\uc81c\uc774\uc564\uc5d0\uc774\uce58\ud50c\ub7ec\uc2a4 \uc758\uc815\ubd80\ub0a8\ubd80] PASSED [ 22%]
tests/test_coupang_crawler.py::test_coupang_center_from_heading_strips_shift_keeping_full_center[\uc5d0\uc774\ube44\uc528\ub85c\uc9c0\uc2a4 \uac15\ub0a8\uc13c\ud130 \uc810\uc2ec \ub17c\ud53c\ud06c(12:00~14:00)-\uc5d0\uc774\ube44\uc528\ub85c\uc9c0\uc2a4 \uac15\ub0a8\uc13c\ud130] PASSED [ 22%]
tests/test_coupang_crawler.py::test_coupang_center_from_heading_strips_shift_keeping_full_center[\uc5d0\uc774\ube44\uc528\ub85c\uc9c0\uc2a4 \uac15\ub0a8\uc13c\ud130 \uc624\uc804\ud53c\ud06c(09:00~12:30)-\uc5d0\uc774\ube44\uc528\ub85c\uc9c0\uc2a4 \uac15\ub0a8\uc13c\ud130] PASSED [ 23%]
tests/test_coupang_crawler.py::test_coupang_center_tab_label_matches[\uc591\uc8fc\uc911\uc559-\uc591\uc8fc\uc911\uc559-True] PASSED [ 23%]
tests/test_coupang_crawler.py::test_coupang_center_tab_label_matches[\uc591\uc8fc\uc911\uc559-\uc81c\uc774\uc564\uc5d0\uc774\uce58\ud50c\ub7ec\uc2a4 \uc591\uc8fc\uc911\uc559-True] PASSED [ 23%]
tests/test_coupang_crawler.py::test_coupang_center_tab_label_matches[\uc591\uc8fc \uc911\uc559-\uc591\uc8fc\uc911\uc559-True] PASSED [ 23%]
tests/test_coupang_crawler.py::test_coupang_center_tab_label_matches[\uc758\uc815\ubd80\ub0a8\ubd80-\uc591\uc8fc\uc911\uc559-False] PASSED [ 23%]
tests/test_coupang_crawler.py::test_coupang_center_tab_label_matches[\uc758\uc815\ubd80\uc911\uc559-\uc591\uc8fc\uc911\uc559-False] PASSED [ 24%]
tests/test_coupang_crawler.py::test_select_coupang_center_clicks_matching_inactive_tab PASSED [ 24%]
tests/test_coupang_crawler.py::test_select_coupang_center_clicks_when_no_tab_active PASSED [ 24%]
tests/test_coupang_crawler.py::test_select_coupang_center_matches_label_when_config_has_company_prefix PASSED [ 24%]
tests/test_coupang_crawler.py::test_select_coupang_center_skips_already_active_tab PASSED [ 25%]
tests/test_coupang_crawler.py::test_select_coupang_center_noops_when_no_matching_tab PASSED [ 25%]
tests/test_coupang_crawler.py::test_select_coupang_center_noops_when_center_name_empty PASSED [ 25%]
tests/test_coupang_crawler.py::test_select_coupang_center_tolerates_pages_without_tabs PASSED [ 25%]
tests/test_coupang_crawler.py::test_coupang_crawl_performance_snapshot_parses_peak_dashboard PASSED [ 26%]
tests/test_coupang_crawler.py::test_coupang_crawl_performance_snapshot_fetches_only_the_primary_peak_url PASSED [ 26%]
tests/test_coupang_crawler.py::test_coupang_fetch_page_html_uses_cdp_mode_by_default PASSED [ 26%]
tests/test_coupang_crawler.py::test_coupang_fetch_page_html_keeps_persistent_context_as_fallback PASSED [ 26%]
tests/test_coupang_crawler.py::test_coupang_select_page_by_url_allows_query_and_hash PASSED [ 27%]
tests/test_coupang_crawler.py::test_coupang_select_page_by_url_prefers_exact_match_over_path_match PASSED [ 27%]
tests/test_coupang_crawler.py::test_coupang_select_page_by_url_rejects_duplicate_exact_matches PASSED [ 27%]
tests/test_coupang_crawler.py::test_coupang_select_page_by_url_rejects_scheme_mismatch_in_path_fallback PASSED [ 27%]
tests/test_coupang_crawler.py::test_coupang_select_page_by_url_rejects_duplicate_path_matches PASSED [ 28%]
tests/test_coupang_crawler.py::test_coupang_fetch_target_page_content_does_not_close_cdp_browser PASSED [ 28%]
tests/test_coupang_crawler.py::test_coupang_fetch_target_page_content_does_not_open_new_tab_when_target_missing PASSED [ 28%]
tests/test_coupang_crawler.py::test_coupang_fetch_target_page_content_does_not_open_new_tab_when_target_duplicated PASSED [ 28%]
tests/test_coupang_crawler.py::test_coupang_fetch_target_page_content_reports_login_required_without_fast_retry PASSED [ 28%]
tests/test_coupang_crawler.py::test_coupang_fetch_target_page_content_reports_vendor_portal_login_structure PASSED [ 29%]
tests/test_coupang_crawler.py::test_coupang_login_detection_does_not_match_plain_login_word_only PASSED [ 29%]
tests/test_coupang_crawler.py::test_coupang_fetch_target_page_content_reports_login_url_without_fast_retry PASSED [ 29%]
tests/test_coupang_crawler.py::test_coupang_fetch_target_page_content_reports_xauth_login_url_without_fast_retry PASSED [ 29%]
tests/test_coupang_crawler.py::test_coupang_fetch_target_page_content_wraps_locator_timeout_with_actionable_message PASSED [ 30%]
tests/test_coupang_crawler.py::test_coupang_fetch_target_page_content_reports_peak_dashboard_readiness_timeout PASSED [ 30%]
tests/test_coupang_crawler.py::test_coupang_fetch_target_page_content_waits_for_peak_dashboard_required_text PASSED [ 30%]
tests/test_coupang_crawler.py::test_coupang_login_required_stops_tab_when_auto_2fa_disabled PASSED [ 30%]
tests/test_coupang_crawler.py::test_coupang_login_required_recovers_when_auto_2fa_enabled_and_recovery_succeeds PASSED [ 31%]
tests/test_coupang_crawler.py::test_coupang_login_required_stops_when_recovery_fails PASSED [ 31%]
tests/test_coupang_crawler.py::test_coupang_recovery_swallows_recover_exception_and_stops_tab PASSED [ 31%]
tests/test_coupang_crawler.py::test_coupang_recovers_when_target_tab_url_drifted_to_login PASSED [ 31%]
tests/test_coupang_crawler.py::test_coupang_login_drift_reopens_target_when_session_already_restored PASSED [ 32%]
tests/test_coupang_crawler.py::test_coupang_login_drift_stops_when_auto_2fa_disabled PASSED [ 32%]
tests/test_coupang_email_2fa.py::test_recover_clicks_email_method_send_and_fills_code PASSED [ 32%]
tests/test_coupang_email_2fa.py::test_recover_returns_false_on_captcha PASSED [ 32%]
tests/test_coupang_email_2fa.py::test_recover_returns_false_on_password_login_screen PASSED [ 33%]
tests/test_coupang_email_2fa.py::test_recover_ignores_hidden_password_field_on_email_2fa_screen PASSED [ 33%]
tests/test_coupang_email_2fa.py::test_recover_prefers_tab_and_button_roles_over_broad_text_matches PASSED [ 33%]
tests/test_coupang_email_2fa.py::test_recover_logs_in_with_saved_credentials_before_email_2fa PASSED [ 33%]
tests/test_coupang_email_2fa.py::test_recover_detects_primary_login_by_password_input_when_body_label_is_short PASSED [ 33%]
tests/test_coupang_email_2fa.py::test_recover_returns_false_when_send_button_missing PASSED [ 34%]
tests/test_coupang_email_2fa.py::test_recover_raises_when_gmail_fetch_fails PASSED [ 34%]
tests/test_coupang_email_2fa.py::test_recover_raises_when_code_input_missing PASSED [ 34%]
tests/test_coupang_email_2fa.py::test_recover_does_not_leak_code_in_errors PASSED [ 34%]
tests/test_coupang_message.py::test_render_coupang_performance_message_matches_original_format PASSED [ 35%]
tests/test_coupang_message.py::test_render_coupang_performance_message_omits_active_riders_when_current_screen_missing PASSED [ 35%]
tests/test_coupang_message.py::test_render_coupang_performance_message_uses_weekend_times_on_weekend PASSED [ 35%]
tests/test_coupang_message.py::test_render_coupang_performance_message_keeps_current_tab_label_when_present PASSED [ 35%]
tests/test_coupang_parser.py::test_parse_coupang_current_screen_html_extracts_summary_fields PASSED [ 36%]
tests/test_coupang_parser.py::test_parse_coupang_current_screen_reads_center_and_shift_from_heading_not_hardcoded PASSED [ 36%]
tests/test_coupang_parser.py::test_parse_coupang_count_normalizes_korean_count_text[10\uac74-10] PASSED [ 36%]
tests/test_coupang_parser.py::test_parse_coupang_count_normalizes_korean_count_text[102.4\uac74-102.4] PASSED [ 36%]
tests/test_coupang_parser.py::test_parse_coupang_count_normalizes_korean_count_text[\uac70\uc808\uc728: 6.2%-6.2] PASSED [ 37%]
tests/test_coupang_parser.py::test_parse_coupang_count_normalizes_korean_count_text[1,203 \uac74-1203] PASSED [ 37%]
tests/test_coupang_parser.py::test_parse_coupang_count_normalizes_korean_count_text[--0] PASSED [ 37%]
tests/test_coupang_parser.py::test_parse_coupang_pair_extracts_done_and_total_counts PASSED [ 37%]
tests/test_coupang_parser.py::test_parse_coupang_current_screen_html_raises_when_required_data_is_missing PASSED [ 38%]
tests/test_coupang_parser.py::test_parse_coupang_peak_dashboard_text_extracts_format_metrics PASSED [ 38%]
tests/test_crawler.py::test_crawl_current_screen_parses_html_from_injected_fetcher PASSED [ 38%]
tests/test_crawler.py::test_crawl_current_screen_parses_achievement_report_text_from_injected_fetcher PASSED [ 38%]
tests/test_crawler.py::test_fetch_page_html_uses_cdp_mode_by_default PASSED [ 38%]
tests/test_crawler.py::test_fetch_page_html_via_cdp_uses_crawl4ai_cdp_fetcher PASSED [ 39%]
tests/test_crawler.py::test_fetch_page_html_keeps_persistent_context_as_fallback PASSED [ 39%]
tests/test_crawler.py::test_fetch_page_html_rejects_mismatched_selected_baemin_center PASSED [ 39%]
tests/test_crawler.py::test_fetch_page_html_rejects_missing_baemin_center_evidence_in_cdp_mode PASSED [ 39%]
tests/test_crawler.py::test_crawl_current_screen_rejects_mismatched_selected_baemin_center_id PASSED [ 40%]
tests/test_crawler.py::test_crawl_current_screen_rejects_mismatched_selected_baemin_center_name PASSED [ 40%]
tests/test_crawler.py::test_crawl_current_screen_rejects_missing_baemin_center_evidence_when_center_expected PASSED [ 40%]
tests/test_crawler.py::test_crawl_current_screen_rejects_unverifiable_center_when_id_expected PASSED [ 40%]
tests/test_crawler.py::test_crawl_current_screen_rejects_matching_name_without_expected_center_id PASSED [ 41%]
tests/test_crawler.py::test_crawl_current_screen_rejects_conflicting_selected_center_even_with_matching_hidden_id PASSED [ 41%]
tests/test_crawler.py::test_crawl_current_screen_accepts_matching_center_id_with_different_display_name PASSED [ 41%]
tests/test_crawler.py::test_crawl_current_screen_accepts_center_shown_as_plain_text_span PASSED [ 41%]
tests/test_crawler.py::test_crawl_current_screen_rejects_wrong_center_shown_as_plain_text_span PASSED [ 42%]
tests/test_crawler.py::test_select_page_by_url_allows_query_and_hash PASSED [ 42%]
tests/test_crawler.py::test_select_page_by_url_rejects_different_scheme PASSED [ 42%]
tests/test_crawler.py::test_select_page_by_url_prefers_exact_query_match PASSED [ 42%]
tests/test_crawler.py::test_select_page_by_url_treats_reordered_query_as_exact_match PASSED [ 42%]
tests/test_crawler.py::test_select_page_by_url_refuses_duplicate_exact_matches PASSED [ 43%]
tests/test_crawler.py::test_select_page_by_url_refuses_ambiguous_path_only_match PASSED [ 43%]
tests/test_crawler.py::test_select_page_by_url_returns_none_when_target_tab_is_missing PASSED [ 43%]
tests/test_crawler.py::test_open_baemin_delivery_history_page_enforces_configured_center_before_history PASSED [ 43%]
tests/test_crawler.py::test_fetch_target_page_content_does_not_close_cdp_browser PASSED [ 44%]
tests/test_crawler.py::test_click_baemin_refresh_button_clicks_real_refresh_button PASSED [ 44%]
tests/test_crawler.py::test_collect_baemin_achievement_report_text_preserves_frame_line_breaks PASSED [ 44%]
tests/test_crawler.py::test_crawl4ai_cdp_async_path_never_closes_user_browser PASSED [ 44%]
tests/test_crawler.py::test_fetch_via_cdp_rejects_non_local_address_before_connecting PASSED [ 45%]
tests/test_crawler.py::test_fetch_via_cdp_allows_localhost_address PASSED [ 45%]
tests/test_crawler.py::test_fetch_via_cdp_connection_refused_raises_cdp_unavailable PASSED [ 45%]
tests/test_crawler.py::test_fetch_via_cdp_non_connection_error_stays_runtime_error PASSED [ 45%]
tests/test_gmail_2fa.py::test_extract_message_text_decodes_single_plain_part PASSED [ 46%]
tests/test_gmail_2fa.py::test_extract_message_text_prefers_plain_over_html_in_multipart PASSED [ 46%]
tests/test_gmail_2fa.py::test_extract_message_text_strips_html_when_no_plain_part PASSED [ 46%]
tests/test_gmail_2fa.py::test_extract_message_text_handles_nested_multipart PASSED [ 46%]
tests/test_gmail_2fa.py::test_extract_verification_code_prefers_context_keyword PASSED [ 47%]
tests/test_gmail_2fa.py::test_extract_verification_code_uses_english_keyword PASSED [ 47%]
tests/test_gmail_2fa.py::test_extract_verification_code_fallback_when_single_number PASSED [ 47%]
tests/test_gmail_2fa.py::test_extract_verification_code_fallback_rejects_multiple_numbers PASSED [ 47%]
tests/test_gmail_2fa.py::test_extract_verification_code_fallback_requires_context_keyword PASSED [ 47%]
tests/test_gmail_2fa.py::test_extract_verification_code_fallback_accepts_with_distant_keyword PASSED [ 48%]
tests/test_gmail_2fa.py::test_extract_verification_code_respects_code_digits PASSED [ 48%]
tests/test_gmail_2fa.py::test_fetch_ignores_messages_before_requested_after PASSED [ 48%]
tests/test_gmail_2fa.py::test_fetch_picks_newest_message_after_requested_after PASSED [ 48%]
tests/test_gmail_2fa.py::test_fetch_does_not_use_older_mail_when_newest_unparseable PASSED [ 49%]
tests/test_gmail_2fa.py::test_fetch_polls_until_mail_arrives PASSED      [ 49%]
tests/test_gmail_2fa.py::test_fetch_wraps_list_api_error_as_gmail2faerror PASSED [ 49%]
tests/test_gmail_2fa.py::test_fetch_wraps_get_api_error_as_gmail2faerror PASSED [ 49%]
tests/test_keyword_responder.py::test_load_keyword_config_reads_file PASSED [ 50%]
tests/test_keyword_responder.py::test_load_keyword_config_missing_file_uses_defaults PASSED [ 50%]
tests/test_keyword_responder.py::test_load_keyword_config_invalid_json_uses_defaults PASSED [ 50%]
tests/test_keyword_responder.py::test_load_keyword_config_fills_missing_keys PASSED [ 50%]
tests/test_keyword_responder.py::test_load_keyword_config_bad_types_fall_back PASSED [ 51%]
tests/test_keyword_responder.py::test_load_keyword_config_negative_cooldown_falls_back PASSED [ 51%]
tests/test_keyword_responder.py::test_load_keyword_config_zero_cooldown_is_allowed PASSED [ 51%]
tests/test_keyword_responder.py::test_match_keyword[\uc0ac\uace0\uac00 \ub0ac\uc2b5\ub2c8\ub2e4-True] PASSED [ 51%]
tests/test_keyword_responder.py::test_match_keyword[\ubcd1\uc6d0 \uc5b4\ub514\ub85c \uac00\uc57c \ud558\ub098\uc694-True] PASSED [ 52%]
tests/test_keyword_responder.py::test_match_keyword[\uad50\ud1b5\uc0ac\uace0 \uc811\uc218 \ubb38\uc758-True] PASSED [ 52%]
tests/test_keyword_responder.py::test_match_keyword[\uac00\uae4c\uc6b4 \ubcd1\uc6d0 \uc54c\ub824\uc8fc\uc138\uc694-True] PASSED [ 52%]
tests/test_keyword_responder.py::test_match_keyword[\uc548\ub155\ud558\uc138\uc694-False] PASSED [ 52%]
tests/test_keyword_responder.py::test_match_keyword[-False] PASSED       [ 52%]
tests/test_keyword_responder.py::test_responder_replies_on_keyword PASSED [ 53%]
tests/test_keyword_responder.py::test_responder_ignores_non_keyword PASSED [ 53%]
tests/test_keyword_responder.py::test_responder_applies_cooldown_after_mark_sent PASSED [ 53%]
tests/test_keyword_responder.py::test_responder_does_not_apply_cooldown_without_mark_sent PASSED [ 53%]
tests/test_keyword_responder.py::test_responder_cooldown_is_independent_per_target PASSED [ 54%]
tests/test_keyword_responder.py::test_responder_reflects_config_edits_without_restart PASSED [ 54%]
tests/test_lock.py::test_run_lock_blocks_nested_execution PASSED         [ 54%]
tests/test_lock.py::test_run_lock_replaces_stale_lock PASSED             [ 54%]
tests/test_lock.py::test_run_lock_treats_new_empty_lock_file_as_held PASSED [ 55%]
tests/test_lock.py::test_run_lock_does_not_remove_lock_replaced_by_another_run PASSED [ 55%]
tests/test_lock.py::test_run_lock_refresh_keeps_live_owner_from_being_treated_as_stale PASSED [ 55%]
tests/test_message.py::test_render_current_screen_message_matches_spec_order PASSED [ 55%]
tests/test_message.py::test_render_current_screen_message_omits_reject_rate_when_unavailable PASSED [ 56%]
tests/test_message.py::test_render_current_screen_message_includes_achievement_goals_when_available PASSED [ 56%]
tests/test_parser.py::test_parse_current_screen_html_extracts_summary_fields PASSED [ 56%]
tests/test_parser.py::test_parse_count_normalizes_korean_count_text[10\uac74-10] PASSED [ 56%]
tests/test_parser.py::test_parse_count_normalizes_korean_count_text[102.4\uac74-102.4] PASSED [ 57%]
tests/test_parser.py::test_parse_count_normalizes_korean_count_text[\uac70\uc808\uc728: 6.2%-6.2] PASSED [ 57%]
tests/test_parser.py::test_parse_count_normalizes_korean_count_text[1,203 \uac74-1203] PASSED [ 57%]
tests/test_parser.py::test_parse_count_normalizes_korean_count_text[--0] PASSED [ 57%]
tests/test_parser.py::test_parse_pair_extracts_done_and_total_counts PASSED [ 57%]
tests/test_parser.py::test_parse_current_screen_html_raises_when_required_data_is_missing PASSED [ 58%]
tests/test_parser.py::test_parse_achievement_report_text_extracts_latest_completed_row_for_center PASSED [ 58%]
tests/test_parser.py::test_parse_achievement_report_text_prefers_today_when_today_has_counts PASSED [ 58%]
tests/test_scheduler.py::test_scheduler_runs_immediately_then_waits_interval PASSED [ 58%]
tests/test_scheduler.py::test_scheduler_can_run_with_second_interval_for_baemin_refresh_loop PASSED [ 59%]
tests/test_scheduler.py::test_scheduler_retries_soon_when_job_reports_skipped_run PASSED [ 59%]
tests/test_scheduler.py::test_scheduler_does_not_run_when_stopped_before_start PASSED [ 59%]
tests/test_scheduler.py::test_scheduler_rejects_non_positive_interval PASSED [ 59%]
tests/test_sender.py::test_send_kakao_text_requires_chat_name PASSED     [ 60%]
tests/test_sender.py::test_send_kakao_text_refuses_non_windows_runtime PASSED [ 60%]
tests/test_sender.py::test_bring_window_to_front_uses_win32_force_before_title_bar_click PASSED [ 60%]
tests/test_sender.py::test_bring_window_to_front_falls_back_to_click_when_win32_force_does_not_take PASSED [ 60%]
tests/test_sender.py::test_bring_window_to_front_raises_when_all_focus_methods_fail PASSED [ 61%]
tests/test_sender.py::test_focus_last_kakao_chat_window_rejects_different_chat_name PASSED [ 61%]
tests/test_sender.py::test_strict_selection_picks_exact_title_among_open_rooms PASSED [ 61%]
tests/test_sender.py::test_strict_selection_does_not_collide_on_similar_titles PASSED [ 61%]
tests/test_sender.py::test_strict_selection_no_match_does_not_fall_back_to_message_window PASSED [ 61%]
tests/test_sender.py::test_send_kakao_text_does_not_fall_back_when_selected_window_lacks_input PASSED [ 62%]
tests/test_sender.py::test_list_kakao_windows_deduplicates_same_handle_across_backends PASSED [ 62%]
tests/test_sender.py::test_strict_selection_rejects_two_windows_with_same_exact_title PASSED [ 62%]
tests/test_sender.py::test_send_does_not_run_main_search_when_exact_title_is_ambiguous PASSED [ 62%]
tests/test_sender.py::test_strict_selection_raises_unsafe_when_exact_window_focus_fails PASSED [ 63%]
tests/test_sender.py::test_send_does_not_run_main_search_when_exact_window_focus_fails PASSED [ 63%]
tests/test_sender.py::test_send_fails_when_no_backend_can_be_scanned PASSED [ 63%]
tests/test_sender.py::test_remembered_handle_is_not_reused_across_different_chat_names PASSED [ 63%]
tests/test_sender.py::test_focus_kakao_main_window_picks_exact_main_title PASSED [ 64%]
tests/test_sender.py::test_focus_kakao_main_window_fails_when_only_chat_rooms_open PASSED [ 64%]
tests/test_sender.py::test_focus_kakao_main_window_unsafe_when_no_backend_scannable PASSED [ 64%]
tests/test_sender.py::test_open_from_main_focuses_main_window_not_arbitrary_kakao PASSED [ 64%]
tests/test_sender.py::test_send_kakao_text_clears_existing_draft_before_pasting PASSED [ 65%]
tests/test_sender.py::test_send_kakao_text_treats_empty_input_placeholder_as_empty PASSED [ 65%]
tests/test_sender.py::test_send_kakao_text_rejects_when_draft_not_cleared PASSED [ 65%]
tests/test_sender.py::test_send_kakao_text_rejects_when_pasted_value_not_exactly_equal PASSED [ 65%]
tests/test_sender.py::test_send_kakao_text_accepts_long_pasted_value_prefix PASSED [ 66%]
tests/test_sender.py::test_send_kakao_text_accepts_long_pasted_value_with_ui_read_variation PASSED [ 66%]
tests/test_sender.py::test_send_kakao_text_accepts_pasted_bot_header_when_rich_edit_read_is_partial PASSED [ 66%]
tests/test_sender.py::test_send_kakao_text_sends_when_richedit_name_echoes_pasted_body PASSED [ 66%]
tests/test_sender.py::test_send_kakao_text_fails_when_pasted_value_unreadable PASSED [ 66%]
tests/test_sender.py::test_send_kakao_text_rejects_residual_text_after_send PASSED [ 67%]
tests/test_sender.py::test_send_kakao_text_fails_when_post_send_value_unreadable PASSED [ 67%]
tests/test_sender.py::test_send_kakao_text_aborts_when_input_loses_focus_before_clear PASSED [ 67%]
tests/test_sender.py::test_send_kakao_text_reasserts_focus_before_each_destructive_step PASSED [ 67%]
tests/test_sender.py::test_send_kakao_text_aborts_when_focus_cannot_be_determined PASSED [ 68%]
tests/test_sender.py::test_ensure_message_input_focus_blocks_on_unknown_focus PASSED [ 68%]
tests/test_sender.py::test_send_kakao_text_fails_when_clear_value_unreadable PASSED [ 68%]
tests/test_telegram_commands.py::test_parse_rider_lookup_command_extracts_name_and_phone_last4 PASSED [ 68%]
tests/test_telegram_commands.py::test_parse_rider_lookup_command_ignores_non_lookup_text PASSED [ 69%]
tests/test_telegram_commands.py::test_find_rider_cancel_stats_matches_name_and_phone_last4 PASSED [ 69%]
tests/test_telegram_commands.py::test_calculate_cancel_rate_uses_completed_rejected_and_cancels PASSED [ 69%]
tests/test_telegram_commands.py::test_render_rider_cancel_reply_marks_risky_rate PASSED [ 69%]
tests/test_telegram_commands.py::test_telegram_command_processor_routes_lookup_to_matching_chat_config PASSED [ 70%]
tests/test_telegram_commands.py::test_telegram_command_processor_routes_lookup_to_matching_chat_thread PASSED [ 70%]
tests/test_telegram_commands.py::test_telegram_command_processor_normalizes_configured_thread_id PASSED [ 70%]
tests/test_telegram_commands.py::test_telegram_command_processor_logs_unmatched_chat_without_replying PASSED [ 70%]
tests/test_telegram_commands.py::test_telegram_command_processor_logs_unmatched_thread_without_replying PASSED [ 71%]
tests/test_telegram_commands.py::test_telegram_command_processor_rejects_duplicate_targets PASSED [ 71%]
tests/test_telegram_commands.py::test_telegram_update_poller_routes_matching_chat_text_and_advances_offset PASSED [ 71%]
tests/test_telegram_commands.py::test_telegram_update_poller_does_not_advance_offset_when_handler_fails PASSED [ 71%]
tests/test_telegram_commands.py::test_telegram_update_poller_skips_successful_higher_update_after_lower_update_fails PASSED [ 71%]
tests/test_telegram_commands.py::test_telegram_update_poller_persists_completed_higher_update_when_lower_update_fails PASSED [ 72%]
tests/test_telegram_commands.py::test_telegram_update_poller_persists_offset_after_successful_handler PASSED [ 72%]
tests/test_telegram_commands.py::test_telegram_update_poller_reloads_offset_after_lock_is_acquired PASSED [ 72%]
tests/test_telegram_commands.py::test_telegram_update_poller_completes_unhandled_lookup_command PASSED [ 72%]
tests/test_telegram_commands.py::test_telegram_update_poller_recovers_offset_when_completed_sidecar_exists PASSED [ 73%]
tests/test_telegram_commands.py::test_telegram_update_poller_does_not_advance_offset_when_final_reply_fails PASSED [ 73%]
tests/test_telegram_commands.py::test_telegram_update_poller_does_not_repeat_progress_reply_after_final_reply_fails PASSED [ 73%]
tests/test_telegram_commands.py::test_telegram_update_poller_handles_updates_in_same_batch_concurrently PASSED [ 73%]
tests/test_telegram_commands.py::test_telegram_update_poller_uses_offset_file_lock PASSED [ 74%]
tests/test_telegram_commands.py::test_default_offset_store_path_depends_on_token_not_first_tab_log_dir PASSED [ 74%]
tests/test_telegram_commands.py::test_default_offset_store_path_is_absolute_and_cwd_stable PASSED [ 74%]
tests/test_telegram_commands.py::test_default_offset_store_path_honors_state_root_override PASSED [ 74%]
tests/test_telegram_commands.py::test_telegram_command_processor_replies_that_lookup_is_baemin_only_for_coupang PASSED [ 75%]
tests/test_telegram_commands.py::test_keyword_auto_reply_sends_on_keyword PASSED [ 75%]
tests/test_telegram_commands.py::test_keyword_auto_reply_ignores_unconfigured_chat PASSED [ 75%]
tests/test_telegram_commands.py::test_keyword_auto_reply_is_topic_aware PASSED [ 75%]
tests/test_telegram_commands.py::test_keyword_auto_reply_respects_cooldown PASSED [ 76%]
tests/test_telegram_commands.py::test_keyword_auto_reply_does_not_run_without_responder PASSED [ 76%]
tests/test_telegram_commands.py::test_keyword_auto_reply_excludes_slash_commands PASSED [ 76%]
tests/test_telegram_commands.py::test_keyword_auto_reply_retries_after_send_failure PASSED [ 76%]
tests/test_telegram_commands.py::test_keyword_auto_reply_does_not_double_send_on_concurrent_batch PASSED [ 76%]
tests/test_telegram_commands.py::test_lookup_command_still_takes_precedence_over_keyword PASSED [ 77%]
tests/test_telegram_sender.py::test_send_telegram_text_posts_send_message_request PASSED [ 77%]
tests/test_telegram_sender.py::test_send_telegram_text_includes_configured_message_thread_id PASSED [ 77%]
tests/test_telegram_sender.py::test_send_telegram_text_can_override_message_thread_id_for_replies PASSED [ 77%]
tests/test_telegram_sender.py::test_send_telegram_text_retries_after_telegram_rate_limit PASSED [ 78%]
tests/test_telegram_sender.py::test_send_telegram_text_does_not_retry_ambiguous_transport_failure PASSED [ 78%]
tests/test_telegram_sender.py::test_send_telegram_text_does_not_retry_after_response_read_failure PASSED [ 78%]
tests/test_telegram_sender.py::test_get_telegram_updates_transport_failure_is_not_ambiguous PASSED [ 78%]
tests/test_telegram_sender.py::test_send_telegram_text_reads_retry_after_from_http_error PASSED [ 79%]
tests/test_telegram_sender.py::test_send_telegram_text_requires_token_and_chat_id PASSED [ 79%]
tests/test_telegram_sender.py::test_send_telegram_text_raises_send_error_for_non_dict_json_body PASSED [ 79%]
tests/test_telegram_sender.py::test_send_telegram_text_reports_new_chat_id_on_supergroup_migration PASSED [ 79%]
tests/test_telegram_sender.py::test_get_telegram_updates_uses_long_polling_parameters PASSED [ 80%]
tests/test_ui_helpers.py::test_ui_defaults_leave_more_vertical_room_for_preview_log PASSED [ 80%]
tests/test_ui_helpers.py::test_messenger_options_expose_telegram_and_kakao_for_ui PASSED [ 80%]
tests/test_ui_helpers.py::test_platform_options_expose_baemin_and_coupang_for_ui PASSED [ 80%]
tests/test_ui_helpers.py::test_coerce_settings_builds_coupang_ui_settings_from_form_values PASSED [ 80%]
tests/test_ui_helpers.py::test_validate_active_tab_isolation_allows_coupang_with_expected_center PASSED [ 81%]
tests/test_ui_helpers.py::test_validate_active_tab_isolation_rejects_coupang_without_expected_center PASSED [ 81%]
tests/test_ui_helpers.py::test_validate_active_tab_isolation_rejects_coupang_with_default_baemin_center PASSED [ 81%]
tests/test_ui_helpers.py::test_validate_active_tab_isolation_rejects_coupang_with_baemin_primary_url PASSED [ 81%]
tests/test_ui_helpers.py::test_validate_active_tab_isolation_rejects_coupang_primary_url_with_wrong_path PASSED [ 82%]
tests/test_ui_helpers.py::test_validate_active_tab_isolation_rejects_coupang_primary_url_with_http_scheme PASSED [ 82%]
tests/test_ui_helpers.py::test_messenger_field_states_enable_only_telegram_inputs_for_telegram PASSED [ 82%]
tests/test_ui_helpers.py::test_messenger_field_states_enable_only_kakao_inputs_for_kakao PASSED [ 82%]
tests/test_ui_helpers.py::test_run_cli_once_uses_environment_config PASSED [ 83%]
tests/test_ui_helpers.py::test_coerce_settings_builds_ui_settings_from_form_values PASSED [ 83%]
tests/test_ui_helpers.py::test_coerce_settings_rejects_unknown_messenger PASSED [ 83%]
tests/test_ui_helpers.py::test_validate_active_tab_isolation_rejects_duplicate_cdp_ports PASSED [ 83%]
tests/test_ui_helpers.py::test_validate_active_tab_isolation_rejects_duplicate_browser_profiles PASSED [ 84%]
tests/test_ui_helpers.py::test_validate_active_tab_isolation_rejects_active_tab_without_baemin_center_identity PASSED [ 84%]
tests/test_ui_helpers.py::test_validate_active_tab_isolation_rejects_shared_center_name_without_ids PASSED [ 84%]
tests/test_ui_helpers.py::test_validate_active_tab_isolation_allows_shared_center_name_with_distinct_ids PASSED [ 84%]
tests/test_ui_helpers.py::test_validate_active_tab_isolation_rejects_non_local_cdp_address PASSED [ 85%]
tests/test_ui_helpers.py::test_validate_active_tab_isolation_allows_localhost_cdp_address PASSED [ 85%]
tests/test_ui_helpers.py::test_validate_active_tab_isolation_ignores_inactive_tabs PASSED [ 85%]
tests/test_ui_helpers.py::test_validate_active_tab_isolation_ignores_duplicate_cdp_ports_for_persistent_tabs PASSED [ 85%]
tests/test_ui_helpers.py::test_validate_active_tab_isolation_allows_duplicate_telegram_tokens_with_unique_chat_ids PASSED [ 85%]
tests/test_ui_helpers.py::test_validate_active_tab_isolation_allows_same_chat_id_with_unique_thread_ids PASSED [ 86%]
tests/test_ui_helpers.py::test_validate_active_tab_isolation_rejects_same_chat_id_with_equivalent_thread_ids PASSED [ 86%]
tests/test_ui_helpers.py::test_validate_active_tab_isolation_rejects_duplicate_active_telegram_chat_ids PASSED [ 86%]
tests/test_ui_helpers.py::test_validate_active_tab_isolation_ignores_duplicate_chat_ids_for_non_telegram_or_disabled_tabs PASSED [ 86%]
tests/test_ui_helpers.py::test_validate_active_tab_isolation_rejects_enabled_telegram_without_token PASSED [ 87%]
tests/test_ui_helpers.py::test_validate_active_tab_isolation_rejects_enabled_telegram_without_chat_id PASSED [ 87%]
tests/test_ui_helpers.py::test_validate_active_tab_isolation_rejects_enabled_kakao_without_chat_name PASSED [ 87%]
tests/test_ui_helpers.py::test_validate_active_tab_isolation_rejects_duplicate_active_kakao_chat_names PASSED [ 87%]
tests/test_ui_helpers.py::test_validate_active_tab_isolation_allows_unique_active_kakao_chat_names PASSED [ 88%]
tests/test_ui_helpers.py::test_validate_active_tab_isolation_ignores_duplicate_kakao_names_for_disabled_tabs PASSED [ 88%]
tests/test_ui_helpers.py::test_telegram_configs_by_token_groups_duplicate_tokens_once PASSED [ 88%]
tests/test_ui_helpers.py::test_telegram_configs_by_token_ignores_non_telegram_or_disabled_tabs PASSED [ 88%]
tests/test_ui_helpers.py::test_scheduled_run_skips_when_stop_requested PASSED [ 89%]
tests/test_ui_helpers.py::test_different_tabs_can_enter_run_once_concurrently PASSED [ 89%]
tests/test_ui_helpers.py::test_start_is_blocked_while_previous_workers_are_still_stopping PASSED [ 89%]
tests/test_ui_helpers.py::test_start_runs_only_selected_tab_with_its_own_interval PASSED [ 89%]
tests/test_ui_helpers.py::test_per_tab_start_stop_works_for_all_nine_tabs PASSED [ 90%]
tests/test_ui_helpers.py::test_switching_to_idle_tab_reenables_start_button PASSED [ 90%]
tests/test_ui_helpers.py::test_shared_token_keeps_single_poller_routing_all_active_tabs PASSED [ 90%]
tests/test_ui_helpers.py::test_stopping_telegram_listener_keeps_handle_until_worker_exits PASSED [ 90%]
tests/test_ui_helpers.py::test_show_result_labels_next_run_with_tab_index PASSED [ 90%]
tests/test_ui_helpers.py::test_show_result_makes_disabled_send_visible PASSED [ 91%]
tests/test_ui_helpers.py::test_same_tab_run_is_skipped_when_already_running PASSED [ 91%]
tests/test_ui_helpers.py::test_telegram_send_failure_requests_scheduler_retry PASSED [ 91%]
tests/test_ui_helpers.py::test_kakao_send_failure_requests_scheduler_retry PASSED [ 91%]
tests/test_ui_helpers.py::test_ambiguous_telegram_failure_skips_fast_retry PASSED [ 92%]
tests/test_ui_helpers.py::test_ambiguous_kakao_failure_skips_fast_retry PASSED [ 92%]
tests/test_ui_helpers.py::test_crawl_failure_requests_scheduler_retry PASSED [ 92%]
tests/test_ui_helpers.py::test_cdp_unavailable_waits_full_interval_and_skips_error_log PASSED [ 92%]
tests/test_ui_helpers.py::test_browser_action_required_stops_tab_and_writes_error_log PASSED [ 93%]
tests/test_ui_helpers.py::test_kakao_send_uses_common_lock PASSED        [ 93%]
tests/test_ui_helpers.py::test_telegram_send_uses_common_lock_per_bot_token PASSED [ 93%]
tests/test_ui_helpers.py::test_telegram_send_waits_between_messages_for_same_bot_token PASSED [ 93%]
tests/test_ui_helpers.py::test_telegram_command_reply_uses_common_lock_per_bot_token PASSED [ 94%]
tests/test_ui_helpers.py::test_coerce_settings_uses_default_message_interval_when_field_is_missing PASSED [ 94%]
tests/test_ui_helpers.py::test_coerce_settings_normalizes_telegram_thread_id PASSED [ 94%]
tests/test_ui_helpers.py::test_coerce_settings_rejects_bad_interval PASSED [ 94%]
tests/test_ui_helpers.py::test_disable_unsupported_send_turns_off_send_on_mac PASSED [ 95%]
tests/test_ui_helpers.py::test_disable_unsupported_send_keeps_send_on_windows PASSED [ 95%]
tests/test_ui_helpers.py::test_disable_unsupported_send_keeps_telegram_send_on_mac PASSED [ 95%]
tests/test_ui_helpers.py::test_app_configs_from_settings_names_tabs_and_skips_blank_urls PASSED [ 95%]
tests/test_ui_settings.py::test_ui_settings_defaults_to_baemin_platform PASSED [ 95%]
tests/test_ui_settings.py::test_ui_settings_save_and_load_round_trip_keeps_platform PASSED [ 96%]
tests/test_ui_settings.py::test_ui_settings_load_infers_coupang_from_legacy_coupang_url PASSED [ 96%]
tests/test_ui_settings.py::test_ui_settings_defaults_are_safe_for_first_run PASSED [ 96%]
tests/test_ui_settings.py::test_additional_tab_defaults_do_not_inherit_first_center PASSED [ 96%]
tests/test_ui_settings.py::test_ui_settings_save_and_load_round_trip PASSED [ 97%]
tests/test_ui_settings.py::test_ui_settings_load_all_migrates_single_settings_to_nine_tabs PASSED [ 97%]
tests/test_ui_settings.py::test_ui_settings_save_all_and_load_all_round_trip PASSED [ 97%]
tests/test_ui_settings.py::test_ui_settings_load_keeps_legacy_minute_interval PASSED [ 97%]
tests/test_ui_settings.py::test_ui_settings_load_migrates_legacy_refresh_seconds_to_message_minutes PASSED [ 98%]
tests/test_ui_settings.py::test_ui_settings_load_migrates_legacy_kakao_without_messenger_name_when_send_enabled PASSED [ 98%]
tests/test_ui_settings.py::test_ui_settings_load_migrates_legacy_kakao_without_messenger_name_when_send_disabled PASSED [ 98%]
tests/test_ui_settings.py::test_ui_settings_load_keeps_telegram_default_for_ambiguous_settings PASSED [ 98%]
tests/test_ui_settings.py::test_ui_settings_load_keeps_explicit_messenger_name_over_legacy_kakao_heuristic PASSED [ 99%]
tests/test_ui_settings.py::test_ui_settings_convert_to_app_config PASSED [ 99%]
tests/test_ui_settings.py::test_ui_settings_to_app_config_uses_ui_2fa_fields PASSED [ 99%]
tests/test_ui_settings.py::test_ui_settings_to_app_config_2fa_does_not_read_env PASSED [ 99%]
tests/test_ui_settings.py::test_ui_settings_to_app_config_defaults_2fa_disabled PASSED [100%]

- generated xml file: C:\Users\KimYS\Desktop\개발외주\rider_result_mornitoring\docs\qa\pytest-baseline-20260613.xml -
============================= 421 passed in 3.48s =============================
